[2016-03-23 11:49:36] local.ERROR: exception 'ErrorException' with message 'The use statement with non-compound name 'AppUser' has no effect' in C:\wamp\www\time-tracker-2\database\seeds\DatabaseSeeder.php:5
Stack trace:
#0 C:\wamp\www\time-tracker-2\vendor\composer\ClassLoader.php(412): Illuminate\Foundation\Bootstrap\HandleExceptions->handleError(2, 'The use stateme...', 'C:\\wamp\\www\\tim...', 5, Array)
#1 C:\wamp\www\time-tracker-2\vendor\composer\ClassLoader.php(412): Composer\Autoload\includeFile()
#2 C:\wamp\www\time-tracker-2\vendor\composer\ClassLoader.php(301): Composer\Autoload\includeFile('C:\\wamp\\www\\tim...')
#3 [internal function]: Composer\Autoload\ClassLoader->loadClass('DatabaseSeeder')
#4 [internal function]: spl_autoload_call('DatabaseSeeder')
#5 C:\wamp\www\time-tracker-2\vendor\compiled.php(1029): ReflectionClass->__construct('DatabaseSeeder')
#6 C:\wamp\www\time-tracker-2\vendor\compiled.php(980): Illuminate\Container\Container->build('DatabaseSeeder', Array)
#7 C:\wamp\www\time-tracker-2\vendor\compiled.php(1493): Illuminate\Container\Container->make('DatabaseSeeder', Array)
#8 C:\wamp\www\time-tracker-2\vendor\laravel\framework\src\Illuminate\Database\Console\SeedCommand.php(67): Illuminate\Foundation\Application->make('DatabaseSeeder')
#9 C:\wamp\www\time-tracker-2\vendor\laravel\framework\src\Illuminate\Database\Console\SeedCommand.php(57): Illuminate\Database\Console\SeedCommand->getSeeder()
#10 [internal function]: Illuminate\Database\Console\SeedCommand->fire()
#11 C:\wamp\www\time-tracker-2\vendor\compiled.php(925): call_user_func_array(Array, Array)
#12 C:\wamp\www\time-tracker-2\vendor\laravel\framework\src\Illuminate\Console\Command.php(115): Illuminate\Container\Container->call(Array)
#13 C:\wamp\www\time-tracker-2\vendor\symfony\console\Symfony\Component\Console\Command\Command.php(253): Illuminate\Console\Command->execute(Object(Symfony\Component\Console\Input\ArgvInput), Object(Symfony\Component\Console\Output\ConsoleOutput))
#14 C:\wamp\www\time-tracker-2\vendor\laravel\framework\src\Illuminate\Console\Command.php(101): Symfony\Component\Console\Command\Command->run(Object(Symfony\Component\Console\Input\ArgvInput), Object(Symfony\Component\Console\Output\ConsoleOutput))
#15 C:\wamp\www\time-tracker-2\vendor\symfony\console\Symfony\Component\Console\Application.php(874): Illuminate\Console\Command->run(Object(Symfony\Component\Console\Input\ArgvInput), Object(Symfony\Component\Console\Output\ConsoleOutput))
#16 C:\wamp\www\time-tracker-2\vendor\symfony\console\Symfony\Component\Console\Application.php(195): Symfony\Component\Console\Application->doRunCommand(Object(Illuminate\Database\Console\SeedCommand), Object(Symfony\Component\Console\Input\ArgvInput), Object(Symfony\Component\Console\Output\ConsoleOutput))
#17 C:\wamp\www\time-tracker-2\vendor\symfony\console\Symfony\Component\Console\Application.php(126): Symfony\Component\Console\Application->doRun(Object(Symfony\Component\Console\Input\ArgvInput), Object(Symfony\Component\Console\Output\ConsoleOutput))
#18 C:\wamp\www\time-tracker-2\vendor\laravel\framework\src\Illuminate\Foundation\Console\Kernel.php(90): Symfony\Component\Console\Application->run(Object(Symfony\Component\Console\Input\ArgvInput), Object(Symfony\Component\Console\Output\ConsoleOutput))
#19 C:\wamp\www\time-tracker-2\artisan(36): Illuminate\Foundation\Console\Kernel->handle(Object(Symfony\Component\Console\Input\ArgvInput), Object(Symfony\Component\Console\Output\ConsoleOutput))
#20 {main}  
[2016-03-23 11:50:58] local.ERROR: exception 'ReflectionException' with message 'Class UserTableSeeder does not exist' in C:\wamp\www\time-tracker-2\vendor\compiled.php:1029
Stack trace:
#0 C:\wamp\www\time-tracker-2\vendor\compiled.php(1029): ReflectionClass->__construct('UserTableSeeder')
#1 C:\wamp\www\time-tracker-2\vendor\compiled.php(980): Illuminate\Container\Container->build('UserTableSeeder', Array)
#2 C:\wamp\www\time-tracker-2\vendor\compiled.php(1493): Illuminate\Container\Container->make('UserTableSeeder', Array)
#3 C:\wamp\www\time-tracker-2\vendor\laravel\framework\src\Illuminate\Database\Seeder.php(55): Illuminate\Foundation\Application->make('UserTableSeeder')
#4 C:\wamp\www\time-tracker-2\vendor\laravel\framework\src\Illuminate\Database\Seeder.php(37): Illuminate\Database\Seeder->resolve('UserTableSeeder')
#5 C:\wamp\www\time-tracker-2\database\seeds\DatabaseSeeder.php(17): Illuminate\Database\Seeder->call('UserTableSeeder')
#6 C:\wamp\www\time-tracker-2\vendor\laravel\framework\src\Illuminate\Database\Console\SeedCommand.php(57): DatabaseSeeder->run()
#7 [internal function]: Illuminate\Database\Console\SeedCommand->fire()
#8 C:\wamp\www\time-tracker-2\vendor\compiled.php(925): call_user_func_array(Array, Array)
#9 C:\wamp\www\time-tracker-2\vendor\laravel\framework\src\Illuminate\Console\Command.php(115): Illuminate\Container\Container->call(Array)
#10 C:\wamp\www\time-tracker-2\vendor\symfony\console\Symfony\Component\Console\Command\Command.php(253): Illuminate\Console\Command->execute(Object(Symfony\Component\Console\Input\ArgvInput), Object(Symfony\Component\Console\Output\ConsoleOutput))
#11 C:\wamp\www\time-tracker-2\vendor\laravel\framework\src\Illuminate\Console\Command.php(101): Symfony\Component\Console\Command\Command->run(Object(Symfony\Component\Console\Input\ArgvInput), Object(Symfony\Component\Console\Output\ConsoleOutput))
#12 C:\wamp\www\time-tracker-2\vendor\symfony\console\Symfony\Component\Console\Application.php(874): Illuminate\Console\Command->run(Object(Symfony\Component\Console\Input\ArgvInput), Object(Symfony\Component\Console\Output\ConsoleOutput))
#13 C:\wamp\www\time-tracker-2\vendor\symfony\console\Symfony\Component\Console\Application.php(195): Symfony\Component\Console\Application->doRunCommand(Object(Illuminate\Database\Console\SeedCommand), Object(Symfony\Component\Console\Input\ArgvInput), Object(Symfony\Component\Console\Output\ConsoleOutput))
#14 C:\wamp\www\time-tracker-2\vendor\symfony\console\Symfony\Component\Console\Application.php(126): Symfony\Component\Console\Application->doRun(Object(Symfony\Component\Console\Input\ArgvInput), Object(Symfony\Component\Console\Output\ConsoleOutput))
#15 C:\wamp\www\time-tracker-2\vendor\laravel\framework\src\Illuminate\Foundation\Console\Kernel.php(90): Symfony\Component\Console\Application->run(Object(Symfony\Component\Console\Input\ArgvInput), Object(Symfony\Component\Console\Output\ConsoleOutput))
#16 C:\wamp\www\time-tracker-2\artisan(36): Illuminate\Foundation\Console\Kernel->handle(Object(Symfony\Component\Console\Input\ArgvInput), Object(Symfony\Component\Console\Output\ConsoleOutput))
#17 {main}  
[2016-03-23 11:55:03] local.ERROR: exception 'ReflectionException' with message 'Class UserTableSeeder does not exist' in C:\wamp\www\time-tracker-2\vendor\compiled.php:1029
Stack trace:
#0 C:\wamp\www\time-tracker-2\vendor\compiled.php(1029): ReflectionClass->__construct('UserTableSeeder')
#1 C:\wamp\www\time-tracker-2\vendor\compiled.php(980): Illuminate\Container\Container->build('UserTableSeeder', Array)
#2 C:\wamp\www\time-tracker-2\vendor\compiled.php(1493): Illuminate\Container\Container->make('UserTableSeeder', Array)
#3 C:\wamp\www\time-tracker-2\vendor\laravel\framework\src\Illuminate\Database\Seeder.php(55): Illuminate\Foundation\Application->make('UserTableSeeder')
#4 C:\wamp\www\time-tracker-2\vendor\laravel\framework\src\Illuminate\Database\Seeder.php(37): Illuminate\Database\Seeder->resolve('UserTableSeeder')
#5 C:\wamp\www\time-tracker-2\database\seeds\DatabaseSeeder.php(19): Illuminate\Database\Seeder->call('UserTableSeeder')
#6 C:\wamp\www\time-tracker-2\vendor\laravel\framework\src\Illuminate\Database\Console\SeedCommand.php(57): DatabaseSeeder->run()
#7 [internal function]: Illuminate\Database\Console\SeedCommand->fire()
#8 C:\wamp\www\time-tracker-2\vendor\compiled.php(925): call_user_func_array(Array, Array)
#9 C:\wamp\www\time-tracker-2\vendor\laravel\framework\src\Illuminate\Console\Command.php(115): Illuminate\Container\Container->call(Array)
#10 C:\wamp\www\time-tracker-2\vendor\symfony\console\Symfony\Component\Console\Command\Command.php(253): Illuminate\Console\Command->execute(Object(Symfony\Component\Console\Input\ArgvInput), Object(Symfony\Component\Console\Output\ConsoleOutput))
#11 C:\wamp\www\time-tracker-2\vendor\laravel\framework\src\Illuminate\Console\Command.php(101): Symfony\Component\Console\Command\Command->run(Object(Symfony\Component\Console\Input\ArgvInput), Object(Symfony\Component\Console\Output\ConsoleOutput))
#12 C:\wamp\www\time-tracker-2\vendor\symfony\console\Symfony\Component\Console\Application.php(874): Illuminate\Console\Command->run(Object(Symfony\Component\Console\Input\ArgvInput), Object(Symfony\Component\Console\Output\ConsoleOutput))
#13 C:\wamp\www\time-tracker-2\vendor\symfony\console\Symfony\Component\Console\Application.php(195): Symfony\Component\Console\Application->doRunCommand(Object(Illuminate\Database\Console\SeedCommand), Object(Symfony\Component\Console\Input\ArgvInput), Object(Symfony\Component\Console\Output\ConsoleOutput))
#14 C:\wamp\www\time-tracker-2\vendor\symfony\console\Symfony\Component\Console\Application.php(126): Symfony\Component\Console\Application->doRun(Object(Symfony\Component\Console\Input\ArgvInput), Object(Symfony\Component\Console\Output\ConsoleOutput))
#15 C:\wamp\www\time-tracker-2\vendor\laravel\framework\src\Illuminate\Foundation\Console\Kernel.php(90): Symfony\Component\Console\Application->run(Object(Symfony\Component\Console\Input\ArgvInput), Object(Symfony\Component\Console\Output\ConsoleOutput))
#16 C:\wamp\www\time-tracker-2\artisan(36): Illuminate\Foundation\Console\Kernel->handle(Object(Symfony\Component\Console\Input\ArgvInput), Object(Symfony\Component\Console\Output\ConsoleOutput))
#17 {main}  
[2016-03-23 12:01:59] local.ERROR: exception 'ErrorException' with message 'The use statement with non-compound name 'IlluminateDatabaseSeeder' has no effect' in C:\wamp\www\time-tracker-2\database\seeds\DatabaseSeeder.php:3
Stack trace:
#0 C:\wamp\www\time-tracker-2\vendor\composer\ClassLoader.php(412): Illuminate\Foundation\Bootstrap\HandleExceptions->handleError(2, 'The use stateme...', 'C:\\wamp\\www\\tim...', 3, Array)
#1 C:\wamp\www\time-tracker-2\vendor\composer\ClassLoader.php(412): Composer\Autoload\includeFile()
#2 C:\wamp\www\time-tracker-2\vendor\composer\ClassLoader.php(301): Composer\Autoload\includeFile('C:\\wamp\\www\\tim...')
#3 [internal function]: Composer\Autoload\ClassLoader->loadClass('DatabaseSeeder')
#4 [internal function]: spl_autoload_call('DatabaseSeeder')
#5 C:\wamp\www\time-tracker-2\vendor\compiled.php(1029): ReflectionClass->__construct('DatabaseSeeder')
#6 C:\wamp\www\time-tracker-2\vendor\compiled.php(980): Illuminate\Container\Container->build('DatabaseSeeder', Array)
#7 C:\wamp\www\time-tracker-2\vendor\compiled.php(1493): Illuminate\Container\Container->make('DatabaseSeeder', Array)
#8 C:\wamp\www\time-tracker-2\vendor\laravel\framework\src\Illuminate\Database\Console\SeedCommand.php(67): Illuminate\Foundation\Application->make('DatabaseSeeder')
#9 C:\wamp\www\time-tracker-2\vendor\laravel\framework\src\Illuminate\Database\Console\SeedCommand.php(57): Illuminate\Database\Console\SeedCommand->getSeeder()
#10 [internal function]: Illuminate\Database\Console\SeedCommand->fire()
#11 C:\wamp\www\time-tracker-2\vendor\compiled.php(925): call_user_func_array(Array, Array)
#12 C:\wamp\www\time-tracker-2\vendor\laravel\framework\src\Illuminate\Console\Command.php(115): Illuminate\Container\Container->call(Array)
#13 C:\wamp\www\time-tracker-2\vendor\symfony\console\Symfony\Component\Console\Command\Command.php(253): Illuminate\Console\Command->execute(Object(Symfony\Component\Console\Input\ArgvInput), Object(Symfony\Component\Console\Output\ConsoleOutput))
#14 C:\wamp\www\time-tracker-2\vendor\laravel\framework\src\Illuminate\Console\Command.php(101): Symfony\Component\Console\Command\Command->run(Object(Symfony\Component\Console\Input\ArgvInput), Object(Symfony\Component\Console\Output\ConsoleOutput))
#15 C:\wamp\www\time-tracker-2\vendor\symfony\console\Symfony\Component\Console\Application.php(874): Illuminate\Console\Command->run(Object(Symfony\Component\Console\Input\ArgvInput), Object(Symfony\Component\Console\Output\ConsoleOutput))
#16 C:\wamp\www\time-tracker-2\vendor\symfony\console\Symfony\Component\Console\Application.php(195): Symfony\Component\Console\Application->doRunCommand(Object(Illuminate\Database\Console\SeedCommand), Object(Symfony\Component\Console\Input\ArgvInput), Object(Symfony\Component\Console\Output\ConsoleOutput))
#17 C:\wamp\www\time-tracker-2\vendor\symfony\console\Symfony\Component\Console\Application.php(126): Symfony\Component\Console\Application->doRun(Object(Symfony\Component\Console\Input\ArgvInput), Object(Symfony\Component\Console\Output\ConsoleOutput))
#18 C:\wamp\www\time-tracker-2\vendor\laravel\framework\src\Illuminate\Foundation\Console\Kernel.php(90): Symfony\Component\Console\Application->run(Object(Symfony\Component\Console\Input\ArgvInput), Object(Symfony\Component\Console\Output\ConsoleOutput))
#19 C:\wamp\www\time-tracker-2\artisan(36): Illuminate\Foundation\Console\Kernel->handle(Object(Symfony\Component\Console\Input\ArgvInput), Object(Symfony\Component\Console\Output\ConsoleOutput))
#20 {main}  
[2016-03-23 12:04:38] local.ERROR: exception 'Symfony\Component\Debug\Exception\FatalErrorException' with message 'Class 'App\TimeEntry' not found' in C:\wamp\www\time-tracker-2\database\seeds\DatabaseSeeder.php:58
Stack trace:
#0 C:\wamp\www\time-tracker-2\vendor\compiled.php(1743): Symfony\Component\Debug\Exception\FatalErrorException->__construct()
#1 C:\wamp\www\time-tracker-2\vendor\compiled.php(1738): Illuminate\Foundation\Bootstrap\HandleExceptions->fatalExceptionFromError()
#2 C:\wamp\www\time-tracker-2\vendor\compiled.php(0): Illuminate\Foundation\Bootstrap\HandleExceptions->handleShutdown()
#3 C:\wamp\www\time-tracker-2\vendor\laravel\framework\src\Illuminate\Database\Seeder.php(37): TimeEntriesTableSeeder->run()
#4 C:\wamp\www\time-tracker-2\database\seeds\DatabaseSeeder.php(16): Illuminate\Database\Seeder->call()
#5 C:\wamp\www\time-tracker-2\vendor\laravel\framework\src\Illuminate\Database\Console\SeedCommand.php(57): DatabaseSeeder->run()
#6 C:\wamp\www\time-tracker-2\vendor\compiled.php(925): Illuminate\Database\Console\SeedCommand->fire()
#7 C:\wamp\www\time-tracker-2\vendor\compiled.php(925): call_user_func_array:{C:\wamp\www\time-tracker-2\vendor\compiled.php:925}()
#8 C:\wamp\www\time-tracker-2\vendor\laravel\framework\src\Illuminate\Console\Command.php(115): Illuminate\Container\Container->call()
#9 C:\wamp\www\time-tracker-2\vendor\symfony\console\Symfony\Component\Console\Command\Command.php(253): Illuminate\Console\Command->execute()
#10 C:\wamp\www\time-tracker-2\vendor\laravel\framework\src\Illuminate\Console\Command.php(101): Symfony\Component\Console\Command\Command->run()
#11 C:\wamp\www\time-tracker-2\vendor\symfony\console\Symfony\Component\Console\Application.php(874): Illuminate\Console\Command->run()
#12 C:\wamp\www\time-tracker-2\vendor\symfony\console\Symfony\Component\Console\Application.php(195): Symfony\Component\Console\Application->doRunCommand()
#13 C:\wamp\www\time-tracker-2\vendor\symfony\console\Symfony\Component\Console\Application.php(126): Symfony\Component\Console\Application->doRun()
#14 C:\wamp\www\time-tracker-2\vendor\laravel\framework\src\Illuminate\Foundation\Console\Kernel.php(90): Symfony\Component\Console\Application->run()
#15 C:\wamp\www\time-tracker-2\artisan(36): Illuminate\Foundation\Console\Kernel->handle()
#16 C:\wamp\www\time-tracker-2\artisan(0): {main}()
#17 {main}  
[2016-03-23 12:06:43] local.ERROR: exception 'Symfony\Component\Debug\Exception\FatalErrorException' with message 'Class 'TimeEntry' not found' in C:\wamp\www\time-tracker-2\database\seeds\DatabaseSeeder.php:58
Stack trace:
#0 C:\wamp\www\time-tracker-2\vendor\compiled.php(1743): Symfony\Component\Debug\Exception\FatalErrorException->__construct()
#1 C:\wamp\www\time-tracker-2\vendor\compiled.php(1738): Illuminate\Foundation\Bootstrap\HandleExceptions->fatalExceptionFromError()
#2 C:\wamp\www\time-tracker-2\vendor\compiled.php(0): Illuminate\Foundation\Bootstrap\HandleExceptions->handleShutdown()
#3 C:\wamp\www\time-tracker-2\vendor\laravel\framework\src\Illuminate\Database\Seeder.php(37): TimeEntriesTableSeeder->run()
#4 C:\wamp\www\time-tracker-2\database\seeds\DatabaseSeeder.php(16): Illuminate\Database\Seeder->call()
#5 C:\wamp\www\time-tracker-2\vendor\laravel\framework\src\Illuminate\Database\Console\SeedCommand.php(57): DatabaseSeeder->run()
#6 C:\wamp\www\time-tracker-2\vendor\compiled.php(925): Illuminate\Database\Console\SeedCommand->fire()
#7 C:\wamp\www\time-tracker-2\vendor\compiled.php(925): call_user_func_array:{C:\wamp\www\time-tracker-2\vendor\compiled.php:925}()
#8 C:\wamp\www\time-tracker-2\vendor\laravel\framework\src\Illuminate\Console\Command.php(115): Illuminate\Container\Container->call()
#9 C:\wamp\www\time-tracker-2\vendor\symfony\console\Symfony\Component\Console\Command\Command.php(253): Illuminate\Console\Command->execute()
#10 C:\wamp\www\time-tracker-2\vendor\laravel\framework\src\Illuminate\Console\Command.php(101): Symfony\Component\Console\Command\Command->run()
#11 C:\wamp\www\time-tracker-2\vendor\symfony\console\Symfony\Component\Console\Application.php(874): Illuminate\Console\Command->run()
#12 C:\wamp\www\time-tracker-2\vendor\symfony\console\Symfony\Component\Console\Application.php(195): Symfony\Component\Console\Application->doRunCommand()
#13 C:\wamp\www\time-tracker-2\vendor\symfony\console\Symfony\Component\Console\Application.php(126): Symfony\Component\Console\Application->doRun()
#14 C:\wamp\www\time-tracker-2\vendor\laravel\framework\src\Illuminate\Foundation\Console\Kernel.php(90): Symfony\Component\Console\Application->run()
#15 C:\wamp\www\time-tracker-2\artisan(36): Illuminate\Foundation\Console\Kernel->handle()
#16 C:\wamp\www\time-tracker-2\artisan(0): {main}()
#17 {main}  
[2016-03-23 12:07:59] local.ERROR: exception 'Symfony\Component\Debug\Exception\FatalErrorException' with message 'Class 'TimeEntry' not found' in C:\wamp\www\time-tracker-2\database\seeds\DatabaseSeeder.php:58
Stack trace:
#0 C:\wamp\www\time-tracker-2\vendor\compiled.php(1743): Symfony\Component\Debug\Exception\FatalErrorException->__construct()
#1 C:\wamp\www\time-tracker-2\vendor\compiled.php(1738): Illuminate\Foundation\Bootstrap\HandleExceptions->fatalExceptionFromError()
#2 C:\wamp\www\time-tracker-2\vendor\compiled.php(0): Illuminate\Foundation\Bootstrap\HandleExceptions->handleShutdown()
#3 C:\wamp\www\time-tracker-2\vendor\laravel\framework\src\Illuminate\Database\Seeder.php(37): TimeEntriesTableSeeder->run()
#4 C:\wamp\www\time-tracker-2\database\seeds\DatabaseSeeder.php(16): Illuminate\Database\Seeder->call()
#5 C:\wamp\www\time-tracker-2\vendor\laravel\framework\src\Illuminate\Database\Console\SeedCommand.php(57): DatabaseSeeder->run()
#6 C:\wamp\www\time-tracker-2\vendor\compiled.php(925): Illuminate\Database\Console\SeedCommand->fire()
#7 C:\wamp\www\time-tracker-2\vendor\compiled.php(925): call_user_func_array:{C:\wamp\www\time-tracker-2\vendor\compiled.php:925}()
#8 C:\wamp\www\time-tracker-2\vendor\laravel\framework\src\Illuminate\Console\Command.php(115): Illuminate\Container\Container->call()
#9 C:\wamp\www\time-tracker-2\vendor\symfony\console\Symfony\Component\Console\Command\Command.php(253): Illuminate\Console\Command->execute()
#10 C:\wamp\www\time-tracker-2\vendor\laravel\framework\src\Illuminate\Console\Command.php(101): Symfony\Component\Console\Command\Command->run()
#11 C:\wamp\www\time-tracker-2\vendor\symfony\console\Symfony\Component\Console\Application.php(874): Illuminate\Console\Command->run()
#12 C:\wamp\www\time-tracker-2\vendor\symfony\console\Symfony\Component\Console\Application.php(195): Symfony\Component\Console\Application->doRunCommand()
#13 C:\wamp\www\time-tracker-2\vendor\symfony\console\Symfony\Component\Console\Application.php(126): Symfony\Component\Console\Application->doRun()
#14 C:\wamp\www\time-tracker-2\vendor\laravel\framework\src\Illuminate\Foundation\Console\Kernel.php(90): Symfony\Component\Console\Application->run()
#15 C:\wamp\www\time-tracker-2\artisan(36): Illuminate\Foundation\Console\Kernel->handle()
#16 C:\wamp\www\time-tracker-2\artisan(0): {main}()
#17 {main}  
