[2016-03-30 15:51:05] local.ERROR: exception 'Symfony\Component\Debug\Exception\FatalErrorException' with message 'Cannot use Illuminate\Http\Request as Request because the name is already in use' in C:\wamp\www\time-tracker-2\app\Http\Controllers\TimeEntriesController.php:9
Stack trace:
#0 C:\wamp\www\time-tracker-2\vendor\compiled.php(1743): Symfony\Component\Debug\Exception\FatalErrorException->__construct()
#1 C:\wamp\www\time-tracker-2\vendor\compiled.php(1738): Illuminate\Foundation\Bootstrap\HandleExceptions->fatalExceptionFromError()
#2 C:\wamp\www\time-tracker-2\vendor\compiled.php(0): Illuminate\Foundation\Bootstrap\HandleExceptions->handleShutdown()
#3 C:\wamp\www\time-tracker-2\vendor\composer\ClassLoader.php(301): Composer\Autoload\includeFile()
#4 C:\wamp\www\time-tracker-2\vendor\compiled.php(0): Composer\Autoload\ClassLoader->loadClass()
#5 C:\wamp\www\time-tracker-2\vendor\compiled.php(1029): spl_autoload_call()
#6 C:\wamp\www\time-tracker-2\vendor\compiled.php(1029): ReflectionClass->__construct()
#7 C:\wamp\www\time-tracker-2\vendor\compiled.php(980): Illuminate\Container\Container->build()
#8 C:\wamp\www\time-tracker-2\vendor\compiled.php(1493): Illuminate\Container\Container->make()
#9 C:\wamp\www\time-tracker-2\vendor\compiled.php(8327): Illuminate\Foundation\Application->make()
#10 C:\wamp\www\time-tracker-2\vendor\compiled.php(8316): Illuminate\Routing\ControllerDispatcher->makeController()
#11 C:\wamp\www\time-tracker-2\vendor\compiled.php(7317): Illuminate\Routing\ControllerDispatcher->dispatch()
#12 C:\wamp\www\time-tracker-2\vendor\compiled.php(7288): Illuminate\Routing\Route->runWithCustomDispatcher()
#13 C:\wamp\www\time-tracker-2\vendor\compiled.php(6954): Illuminate\Routing\Route->run()
#14 C:\wamp\www\time-tracker-2\vendor\compiled.php(8952): Illuminate\Routing\Router->Illuminate\Routing\{closure}()
#15 C:\wamp\www\time-tracker-2\vendor\compiled.php(8952): call_user_func:{C:\wamp\www\time-tracker-2\vendor\compiled.php:8952}()
#16 C:\wamp\www\time-tracker-2\vendor\compiled.php(8935): Illuminate\Pipeline\Pipeline->Illuminate\Pipeline\{closure}()
#17 C:\wamp\www\time-tracker-2\vendor\compiled.php(8935): call_user_func:{C:\wamp\www\time-tracker-2\vendor\compiled.php:8935}()
#18 C:\wamp\www\time-tracker-2\vendor\compiled.php(6955): Illuminate\Pipeline\Pipeline->then()
#19 C:\wamp\www\time-tracker-2\vendor\compiled.php(6944): Illuminate\Routing\Router->runRouteWithinStack()
#20 C:\wamp\www\time-tracker-2\vendor\compiled.php(6929): Illuminate\Routing\Router->dispatchToRoute()
#21 C:\wamp\www\time-tracker-2\vendor\compiled.php(1935): Illuminate\Routing\Router->dispatch()
#22 C:\wamp\www\time-tracker-2\vendor\compiled.php(8952): Illuminate\Foundation\Http\Kernel->Illuminate\Foundation\Http\{closure}()
#23 C:\wamp\www\time-tracker-2\vendor\compiled.php(8952): call_user_func:{C:\wamp\www\time-tracker-2\vendor\compiled.php:8952}()
#24 C:\wamp\www\time-tracker-2\vendor\compiled.php(2438): Illuminate\Pipeline\Pipeline->Illuminate\Pipeline\{closure}()
#25 C:\wamp\www\time-tracker-2\app\Http\Middleware\VerifyCsrfToken.php(17): Illuminate\Foundation\Http\Middleware\VerifyCsrfToken->handle()
#26 C:\wamp\www\time-tracker-2\vendor\compiled.php(8944): App\Http\Middleware\VerifyCsrfToken->handle()
#27 C:\wamp\www\time-tracker-2\vendor\compiled.php(12083): Illuminate\Pipeline\Pipeline->Illuminate\Pipeline\{closure}()
#28 C:\wamp\www\time-tracker-2\vendor\compiled.php(8944): Illuminate\View\Middleware\ShareErrorsFromSession->handle()
#29 C:\wamp\www\time-tracker-2\vendor\compiled.php(10785): Illuminate\Pipeline\Pipeline->Illuminate\Pipeline\{closure}()
#30 C:\wamp\www\time-tracker-2\vendor\compiled.php(8944): Illuminate\Session\Middleware\StartSession->handle()
#31 C:\wamp\www\time-tracker-2\vendor\compiled.php(11789): Illuminate\Pipeline\Pipeline->Illuminate\Pipeline\{closure}()
#32 C:\wamp\www\time-tracker-2\vendor\compiled.php(8944): Illuminate\Cookie\Middleware\AddQueuedCookiesToResponse->handle()
#33 C:\wamp\www\time-tracker-2\vendor\compiled.php(11738): Illuminate\Pipeline\Pipeline->Illuminate\Pipeline\{closure}()
#34 C:\wamp\www\time-tracker-2\vendor\compiled.php(8944): Illuminate\Cookie\Middleware\EncryptCookies->handle()
#35 C:\wamp\www\time-tracker-2\vendor\compiled.php(2478): Illuminate\Pipeline\Pipeline->Illuminate\Pipeline\{closure}()
#36 C:\wamp\www\time-tracker-2\vendor\compiled.php(8944): Illuminate\Foundation\Http\Middleware\CheckForMaintenanceMode->handle()
#37 C:\wamp\www\time-tracker-2\vendor\compiled.php(8935): Illuminate\Pipeline\Pipeline->Illuminate\Pipeline\{closure}()
#38 C:\wamp\www\time-tracker-2\vendor\compiled.php(8935): call_user_func:{C:\wamp\www\time-tracker-2\vendor\compiled.php:8935}()
#39 C:\wamp\www\time-tracker-2\vendor\compiled.php(1891): Illuminate\Pipeline\Pipeline->then()
#40 C:\wamp\www\time-tracker-2\vendor\compiled.php(1880): Illuminate\Foundation\Http\Kernel->sendRequestThroughRouter()
#41 C:\wamp\www\time-tracker-2\public\index.php(53): Illuminate\Foundation\Http\Kernel->handle()
#42 C:\wamp\www\time-tracker-2\public\index.php(0): {main}()
#43 {main}  
