[2016-03-29 11:12:07] local.ERROR: exception 'Symfony\Component\Debug\Exception\FatalErrorException' with message 'Class 'App\TimeEntry' not found' in C:\wamp\www\time-tracker-2\app\Http\Controllers\TimeEntriesController.php:22
Stack trace:
#0 C:\wamp\www\time-tracker-2\vendor\compiled.php(1743): Symfony\Component\Debug\Exception\FatalErrorException->__construct()
#1 C:\wamp\www\time-tracker-2\vendor\compiled.php(1738): Illuminate\Foundation\Bootstrap\HandleExceptions->fatalExceptionFromError()
#2 C:\wamp\www\time-tracker-2\vendor\compiled.php(0): Illuminate\Foundation\Bootstrap\HandleExceptions->handleShutdown()
#3 C:\wamp\www\time-tracker-2\vendor\compiled.php(8287): App\Http\Controllers\TimeEntriesController->index()
#4 C:\wamp\www\time-tracker-2\vendor\compiled.php(8287): call_user_func_array:{C:\wamp\www\time-tracker-2\vendor\compiled.php:8287}()
#5 C:\wamp\www\time-tracker-2\vendor\compiled.php(8354): Illuminate\Routing\Controller->callAction()
#6 C:\wamp\www\time-tracker-2\vendor\compiled.php(8333): Illuminate\Routing\ControllerDispatcher->call()
#7 C:\wamp\www\time-tracker-2\vendor\compiled.php(8952): Illuminate\Routing\ControllerDispatcher->Illuminate\Routing\{closure}()
#8 C:\wamp\www\time-tracker-2\vendor\compiled.php(8952): call_user_func:{C:\wamp\www\time-tracker-2\vendor\compiled.php:8952}()
#9 C:\wamp\www\time-tracker-2\vendor\compiled.php(8935): Illuminate\Pipeline\Pipeline->Illuminate\Pipeline\{closure}()
#10 C:\wamp\www\time-tracker-2\vendor\compiled.php(8935): call_user_func:{C:\wamp\www\time-tracker-2\vendor\compiled.php:8935}()
#11 C:\wamp\www\time-tracker-2\vendor\compiled.php(8334): Illuminate\Pipeline\Pipeline->then()
#12 C:\wamp\www\time-tracker-2\vendor\compiled.php(8320): Illuminate\Routing\ControllerDispatcher->callWithinStack()
#13 C:\wamp\www\time-tracker-2\vendor\compiled.php(7317): Illuminate\Routing\ControllerDispatcher->dispatch()
#14 C:\wamp\www\time-tracker-2\vendor\compiled.php(7288): Illuminate\Routing\Route->runWithCustomDispatcher()
#15 C:\wamp\www\time-tracker-2\vendor\compiled.php(6954): Illuminate\Routing\Route->run()
#16 C:\wamp\www\time-tracker-2\vendor\compiled.php(8952): Illuminate\Routing\Router->Illuminate\Routing\{closure}()
#17 C:\wamp\www\time-tracker-2\vendor\compiled.php(8952): call_user_func:{C:\wamp\www\time-tracker-2\vendor\compiled.php:8952}()
#18 C:\wamp\www\time-tracker-2\vendor\compiled.php(8935): Illuminate\Pipeline\Pipeline->Illuminate\Pipeline\{closure}()
#19 C:\wamp\www\time-tracker-2\vendor\compiled.php(8935): call_user_func:{C:\wamp\www\time-tracker-2\vendor\compiled.php:8935}()
#20 C:\wamp\www\time-tracker-2\vendor\compiled.php(6955): Illuminate\Pipeline\Pipeline->then()
#21 C:\wamp\www\time-tracker-2\vendor\compiled.php(6944): Illuminate\Routing\Router->runRouteWithinStack()
#22 C:\wamp\www\time-tracker-2\vendor\compiled.php(6929): Illuminate\Routing\Router->dispatchToRoute()
#23 C:\wamp\www\time-tracker-2\vendor\compiled.php(1935): Illuminate\Routing\Router->dispatch()
#24 C:\wamp\www\time-tracker-2\vendor\compiled.php(8952): Illuminate\Foundation\Http\Kernel->Illuminate\Foundation\Http\{closure}()
#25 C:\wamp\www\time-tracker-2\vendor\compiled.php(8952): call_user_func:{C:\wamp\www\time-tracker-2\vendor\compiled.php:8952}()
#26 C:\wamp\www\time-tracker-2\vendor\compiled.php(2438): Illuminate\Pipeline\Pipeline->Illuminate\Pipeline\{closure}()
#27 C:\wamp\www\time-tracker-2\app\Http\Middleware\VerifyCsrfToken.php(17): Illuminate\Foundation\Http\Middleware\VerifyCsrfToken->handle()
#28 C:\wamp\www\time-tracker-2\vendor\compiled.php(8944): App\Http\Middleware\VerifyCsrfToken->handle()
#29 C:\wamp\www\time-tracker-2\vendor\compiled.php(12083): Illuminate\Pipeline\Pipeline->Illuminate\Pipeline\{closure}()
#30 C:\wamp\www\time-tracker-2\vendor\compiled.php(8944): Illuminate\View\Middleware\ShareErrorsFromSession->handle()
#31 C:\wamp\www\time-tracker-2\vendor\compiled.php(10785): Illuminate\Pipeline\Pipeline->Illuminate\Pipeline\{closure}()
#32 C:\wamp\www\time-tracker-2\vendor\compiled.php(8944): Illuminate\Session\Middleware\StartSession->handle()
#33 C:\wamp\www\time-tracker-2\vendor\compiled.php(11789): Illuminate\Pipeline\Pipeline->Illuminate\Pipeline\{closure}()
#34 C:\wamp\www\time-tracker-2\vendor\compiled.php(8944): Illuminate\Cookie\Middleware\AddQueuedCookiesToResponse->handle()
#35 C:\wamp\www\time-tracker-2\vendor\compiled.php(11738): Illuminate\Pipeline\Pipeline->Illuminate\Pipeline\{closure}()
#36 C:\wamp\www\time-tracker-2\vendor\compiled.php(8944): Illuminate\Cookie\Middleware\EncryptCookies->handle()
#37 C:\wamp\www\time-tracker-2\vendor\compiled.php(2478): Illuminate\Pipeline\Pipeline->Illuminate\Pipeline\{closure}()
#38 C:\wamp\www\time-tracker-2\vendor\compiled.php(8944): Illuminate\Foundation\Http\Middleware\CheckForMaintenanceMode->handle()
#39 C:\wamp\www\time-tracker-2\vendor\compiled.php(8935): Illuminate\Pipeline\Pipeline->Illuminate\Pipeline\{closure}()
#40 C:\wamp\www\time-tracker-2\vendor\compiled.php(8935): call_user_func:{C:\wamp\www\time-tracker-2\vendor\compiled.php:8935}()
#41 C:\wamp\www\time-tracker-2\vendor\compiled.php(1891): Illuminate\Pipeline\Pipeline->then()
#42 C:\wamp\www\time-tracker-2\vendor\compiled.php(1880): Illuminate\Foundation\Http\Kernel->sendRequestThroughRouter()
#43 C:\wamp\www\time-tracker-2\public\index.php(53): Illuminate\Foundation\Http\Kernel->handle()
#44 C:\wamp\www\time-tracker-2\public\index.php(0): {main}()
#45 {main}  
[2016-03-29 11:12:30] local.ERROR: exception 'Symfony\Component\Debug\Exception\FatalErrorException' with message 'Class 'App\Http\Controllers\TimeEntry' not found' in C:\wamp\www\time-tracker-2\app\Http\Controllers\TimeEntriesController.php:22
Stack trace:
#0 C:\wamp\www\time-tracker-2\vendor\compiled.php(1743): Symfony\Component\Debug\Exception\FatalErrorException->__construct()
#1 C:\wamp\www\time-tracker-2\vendor\compiled.php(1738): Illuminate\Foundation\Bootstrap\HandleExceptions->fatalExceptionFromError()
#2 C:\wamp\www\time-tracker-2\vendor\compiled.php(0): Illuminate\Foundation\Bootstrap\HandleExceptions->handleShutdown()
#3 C:\wamp\www\time-tracker-2\vendor\compiled.php(8287): App\Http\Controllers\TimeEntriesController->index()
#4 C:\wamp\www\time-tracker-2\vendor\compiled.php(8287): call_user_func_array:{C:\wamp\www\time-tracker-2\vendor\compiled.php:8287}()
#5 C:\wamp\www\time-tracker-2\vendor\compiled.php(8354): Illuminate\Routing\Controller->callAction()
#6 C:\wamp\www\time-tracker-2\vendor\compiled.php(8333): Illuminate\Routing\ControllerDispatcher->call()
#7 C:\wamp\www\time-tracker-2\vendor\compiled.php(8952): Illuminate\Routing\ControllerDispatcher->Illuminate\Routing\{closure}()
#8 C:\wamp\www\time-tracker-2\vendor\compiled.php(8952): call_user_func:{C:\wamp\www\time-tracker-2\vendor\compiled.php:8952}()
#9 C:\wamp\www\time-tracker-2\vendor\compiled.php(8935): Illuminate\Pipeline\Pipeline->Illuminate\Pipeline\{closure}()
#10 C:\wamp\www\time-tracker-2\vendor\compiled.php(8935): call_user_func:{C:\wamp\www\time-tracker-2\vendor\compiled.php:8935}()
#11 C:\wamp\www\time-tracker-2\vendor\compiled.php(8334): Illuminate\Pipeline\Pipeline->then()
#12 C:\wamp\www\time-tracker-2\vendor\compiled.php(8320): Illuminate\Routing\ControllerDispatcher->callWithinStack()
#13 C:\wamp\www\time-tracker-2\vendor\compiled.php(7317): Illuminate\Routing\ControllerDispatcher->dispatch()
#14 C:\wamp\www\time-tracker-2\vendor\compiled.php(7288): Illuminate\Routing\Route->runWithCustomDispatcher()
#15 C:\wamp\www\time-tracker-2\vendor\compiled.php(6954): Illuminate\Routing\Route->run()
#16 C:\wamp\www\time-tracker-2\vendor\compiled.php(8952): Illuminate\Routing\Router->Illuminate\Routing\{closure}()
#17 C:\wamp\www\time-tracker-2\vendor\compiled.php(8952): call_user_func:{C:\wamp\www\time-tracker-2\vendor\compiled.php:8952}()
#18 C:\wamp\www\time-tracker-2\vendor\compiled.php(8935): Illuminate\Pipeline\Pipeline->Illuminate\Pipeline\{closure}()
#19 C:\wamp\www\time-tracker-2\vendor\compiled.php(8935): call_user_func:{C:\wamp\www\time-tracker-2\vendor\compiled.php:8935}()
#20 C:\wamp\www\time-tracker-2\vendor\compiled.php(6955): Illuminate\Pipeline\Pipeline->then()
#21 C:\wamp\www\time-tracker-2\vendor\compiled.php(6944): Illuminate\Routing\Router->runRouteWithinStack()
#22 C:\wamp\www\time-tracker-2\vendor\compiled.php(6929): Illuminate\Routing\Router->dispatchToRoute()
#23 C:\wamp\www\time-tracker-2\vendor\compiled.php(1935): Illuminate\Routing\Router->dispatch()
#24 C:\wamp\www\time-tracker-2\vendor\compiled.php(8952): Illuminate\Foundation\Http\Kernel->Illuminate\Foundation\Http\{closure}()
#25 C:\wamp\www\time-tracker-2\vendor\compiled.php(8952): call_user_func:{C:\wamp\www\time-tracker-2\vendor\compiled.php:8952}()
#26 C:\wamp\www\time-tracker-2\vendor\compiled.php(2438): Illuminate\Pipeline\Pipeline->Illuminate\Pipeline\{closure}()
#27 C:\wamp\www\time-tracker-2\app\Http\Middleware\VerifyCsrfToken.php(17): Illuminate\Foundation\Http\Middleware\VerifyCsrfToken->handle()
#28 C:\wamp\www\time-tracker-2\vendor\compiled.php(8944): App\Http\Middleware\VerifyCsrfToken->handle()
#29 C:\wamp\www\time-tracker-2\vendor\compiled.php(12083): Illuminate\Pipeline\Pipeline->Illuminate\Pipeline\{closure}()
#30 C:\wamp\www\time-tracker-2\vendor\compiled.php(8944): Illuminate\View\Middleware\ShareErrorsFromSession->handle()
#31 C:\wamp\www\time-tracker-2\vendor\compiled.php(10785): Illuminate\Pipeline\Pipeline->Illuminate\Pipeline\{closure}()
#32 C:\wamp\www\time-tracker-2\vendor\compiled.php(8944): Illuminate\Session\Middleware\StartSession->handle()
#33 C:\wamp\www\time-tracker-2\vendor\compiled.php(11789): Illuminate\Pipeline\Pipeline->Illuminate\Pipeline\{closure}()
#34 C:\wamp\www\time-tracker-2\vendor\compiled.php(8944): Illuminate\Cookie\Middleware\AddQueuedCookiesToResponse->handle()
#35 C:\wamp\www\time-tracker-2\vendor\compiled.php(11738): Illuminate\Pipeline\Pipeline->Illuminate\Pipeline\{closure}()
#36 C:\wamp\www\time-tracker-2\vendor\compiled.php(8944): Illuminate\Cookie\Middleware\EncryptCookies->handle()
#37 C:\wamp\www\time-tracker-2\vendor\compiled.php(2478): Illuminate\Pipeline\Pipeline->Illuminate\Pipeline\{closure}()
#38 C:\wamp\www\time-tracker-2\vendor\compiled.php(8944): Illuminate\Foundation\Http\Middleware\CheckForMaintenanceMode->handle()
#39 C:\wamp\www\time-tracker-2\vendor\compiled.php(8935): Illuminate\Pipeline\Pipeline->Illuminate\Pipeline\{closure}()
#40 C:\wamp\www\time-tracker-2\vendor\compiled.php(8935): call_user_func:{C:\wamp\www\time-tracker-2\vendor\compiled.php:8935}()
#41 C:\wamp\www\time-tracker-2\vendor\compiled.php(1891): Illuminate\Pipeline\Pipeline->then()
#42 C:\wamp\www\time-tracker-2\vendor\compiled.php(1880): Illuminate\Foundation\Http\Kernel->sendRequestThroughRouter()
#43 C:\wamp\www\time-tracker-2\public\index.php(53): Illuminate\Foundation\Http\Kernel->handle()
#44 C:\wamp\www\time-tracker-2\public\index.php(0): {main}()
#45 {main}  
[2016-03-29 11:12:55] local.ERROR: exception 'Symfony\Component\Debug\Exception\FatalErrorException' with message 'Class 'AppUser' not found' in C:\wamp\www\time-tracker-2\vendor\compiled.php:9509
Stack trace:
#0 C:\wamp\www\time-tracker-2\vendor\compiled.php(1743): Symfony\Component\Debug\Exception\FatalErrorException->__construct()
#1 C:\wamp\www\time-tracker-2\vendor\compiled.php(1738): Illuminate\Foundation\Bootstrap\HandleExceptions->fatalExceptionFromError()
#2 C:\wamp\www\time-tracker-2\vendor\compiled.php(0): Illuminate\Foundation\Bootstrap\HandleExceptions->handleShutdown()
#3 C:\wamp\www\time-tracker-2\app\TimeEntries.php(17): Illuminate\Database\Eloquent\Model->belongsTo()
#4 C:\wamp\www\time-tracker-2\vendor\laravel\framework\src\Illuminate\Database\Eloquent\Builder.php(451): App\TimeEntries->user()
#5 C:\wamp\www\time-tracker-2\vendor\laravel\framework\src\Illuminate\Database\Eloquent\Relations\Relation.php(160): Illuminate\Database\Eloquent\Builder->Illuminate\Database\Eloquent\{closure}()
#6 C:\wamp\www\time-tracker-2\vendor\laravel\framework\src\Illuminate\Database\Eloquent\Relations\Relation.php(160): call_user_func:{C:\wamp\www\time-tracker-2\vendor\laravel\framework\src\Illuminate\Database\Eloquent\Relations\Relation.php:160}()
#7 C:\wamp\www\time-tracker-2\vendor\laravel\framework\src\Illuminate\Database\Eloquent\Builder.php(452): Illuminate\Database\Eloquent\Relations\Relation::noConstraints()
#8 C:\wamp\www\time-tracker-2\vendor\laravel\framework\src\Illuminate\Database\Eloquent\Builder.php(422): Illuminate\Database\Eloquent\Builder->getRelation()
#9 C:\wamp\www\time-tracker-2\vendor\laravel\framework\src\Illuminate\Database\Eloquent\Builder.php(402): Illuminate\Database\Eloquent\Builder->loadRelation()
#10 C:\wamp\www\time-tracker-2\vendor\laravel\framework\src\Illuminate\Database\Eloquent\Builder.php(169): Illuminate\Database\Eloquent\Builder->eagerLoadRelations()
#11 C:\wamp\www\time-tracker-2\app\Http\Controllers\TimeEntriesController.php(22): Illuminate\Database\Eloquent\Builder->get()
#12 C:\wamp\www\time-tracker-2\vendor\compiled.php(8287): App\Http\Controllers\TimeEntriesController->index()
#13 C:\wamp\www\time-tracker-2\vendor\compiled.php(8287): call_user_func_array:{C:\wamp\www\time-tracker-2\vendor\compiled.php:8287}()
#14 C:\wamp\www\time-tracker-2\vendor\compiled.php(8354): Illuminate\Routing\Controller->callAction()
#15 C:\wamp\www\time-tracker-2\vendor\compiled.php(8333): Illuminate\Routing\ControllerDispatcher->call()
#16 C:\wamp\www\time-tracker-2\vendor\compiled.php(8952): Illuminate\Routing\ControllerDispatcher->Illuminate\Routing\{closure}()
#17 C:\wamp\www\time-tracker-2\vendor\compiled.php(8952): call_user_func:{C:\wamp\www\time-tracker-2\vendor\compiled.php:8952}()
#18 C:\wamp\www\time-tracker-2\vendor\compiled.php(8935): Illuminate\Pipeline\Pipeline->Illuminate\Pipeline\{closure}()
#19 C:\wamp\www\time-tracker-2\vendor\compiled.php(8935): call_user_func:{C:\wamp\www\time-tracker-2\vendor\compiled.php:8935}()
#20 C:\wamp\www\time-tracker-2\vendor\compiled.php(8334): Illuminate\Pipeline\Pipeline->then()
#21 C:\wamp\www\time-tracker-2\vendor\compiled.php(8320): Illuminate\Routing\ControllerDispatcher->callWithinStack()
#22 C:\wamp\www\time-tracker-2\vendor\compiled.php(7317): Illuminate\Routing\ControllerDispatcher->dispatch()
#23 C:\wamp\www\time-tracker-2\vendor\compiled.php(7288): Illuminate\Routing\Route->runWithCustomDispatcher()
#24 C:\wamp\www\time-tracker-2\vendor\compiled.php(6954): Illuminate\Routing\Route->run()
#25 C:\wamp\www\time-tracker-2\vendor\compiled.php(8952): Illuminate\Routing\Router->Illuminate\Routing\{closure}()
#26 C:\wamp\www\time-tracker-2\vendor\compiled.php(8952): call_user_func:{C:\wamp\www\time-tracker-2\vendor\compiled.php:8952}()
#27 C:\wamp\www\time-tracker-2\vendor\compiled.php(8935): Illuminate\Pipeline\Pipeline->Illuminate\Pipeline\{closure}()
#28 C:\wamp\www\time-tracker-2\vendor\compiled.php(8935): call_user_func:{C:\wamp\www\time-tracker-2\vendor\compiled.php:8935}()
#29 C:\wamp\www\time-tracker-2\vendor\compiled.php(6955): Illuminate\Pipeline\Pipeline->then()
#30 C:\wamp\www\time-tracker-2\vendor\compiled.php(6944): Illuminate\Routing\Router->runRouteWithinStack()
#31 C:\wamp\www\time-tracker-2\vendor\compiled.php(6929): Illuminate\Routing\Router->dispatchToRoute()
#32 C:\wamp\www\time-tracker-2\vendor\compiled.php(1935): Illuminate\Routing\Router->dispatch()
#33 C:\wamp\www\time-tracker-2\vendor\compiled.php(8952): Illuminate\Foundation\Http\Kernel->Illuminate\Foundation\Http\{closure}()
#34 C:\wamp\www\time-tracker-2\vendor\compiled.php(8952): call_user_func:{C:\wamp\www\time-tracker-2\vendor\compiled.php:8952}()
#35 C:\wamp\www\time-tracker-2\vendor\compiled.php(2438): Illuminate\Pipeline\Pipeline->Illuminate\Pipeline\{closure}()
#36 C:\wamp\www\time-tracker-2\app\Http\Middleware\VerifyCsrfToken.php(17): Illuminate\Foundation\Http\Middleware\VerifyCsrfToken->handle()
#37 C:\wamp\www\time-tracker-2\vendor\compiled.php(8944): App\Http\Middleware\VerifyCsrfToken->handle()
#38 C:\wamp\www\time-tracker-2\vendor\compiled.php(12083): Illuminate\Pipeline\Pipeline->Illuminate\Pipeline\{closure}()
#39 C:\wamp\www\time-tracker-2\vendor\compiled.php(8944): Illuminate\View\Middleware\ShareErrorsFromSession->handle()
#40 C:\wamp\www\time-tracker-2\vendor\compiled.php(10785): Illuminate\Pipeline\Pipeline->Illuminate\Pipeline\{closure}()
#41 C:\wamp\www\time-tracker-2\vendor\compiled.php(8944): Illuminate\Session\Middleware\StartSession->handle()
#42 C:\wamp\www\time-tracker-2\vendor\compiled.php(11789): Illuminate\Pipeline\Pipeline->Illuminate\Pipeline\{closure}()
#43 C:\wamp\www\time-tracker-2\vendor\compiled.php(8944): Illuminate\Cookie\Middleware\AddQueuedCookiesToResponse->handle()
#44 C:\wamp\www\time-tracker-2\vendor\compiled.php(11738): Illuminate\Pipeline\Pipeline->Illuminate\Pipeline\{closure}()
#45 C:\wamp\www\time-tracker-2\vendor\compiled.php(8944): Illuminate\Cookie\Middleware\EncryptCookies->handle()
#46 C:\wamp\www\time-tracker-2\vendor\compiled.php(2478): Illuminate\Pipeline\Pipeline->Illuminate\Pipeline\{closure}()
#47 C:\wamp\www\time-tracker-2\vendor\compiled.php(8944): Illuminate\Foundation\Http\Middleware\CheckForMaintenanceMode->handle()
#48 C:\wamp\www\time-tracker-2\vendor\compiled.php(8935): Illuminate\Pipeline\Pipeline->Illuminate\Pipeline\{closure}()
#49 C:\wamp\www\time-tracker-2\vendor\compiled.php(8935): call_user_func:{C:\wamp\www\time-tracker-2\vendor\compiled.php:8935}()
#50 C:\wamp\www\time-tracker-2\vendor\compiled.php(1891): Illuminate\Pipeline\Pipeline->then()
#51 C:\wamp\www\time-tracker-2\vendor\compiled.php(1880): Illuminate\Foundation\Http\Kernel->sendRequestThroughRouter()
#52 C:\wamp\www\time-tracker-2\public\index.php(53): Illuminate\Foundation\Http\Kernel->handle()
#53 C:\wamp\www\time-tracker-2\public\index.php(0): {main}()
#54 {main}  
[2016-03-29 11:13:19] local.ERROR: exception 'Symfony\Component\Debug\Exception\FatalErrorException' with message 'Class 'AppUser' not found' in C:\wamp\www\time-tracker-2\vendor\compiled.php:9509
Stack trace:
#0 C:\wamp\www\time-tracker-2\vendor\compiled.php(1743): Symfony\Component\Debug\Exception\FatalErrorException->__construct()
#1 C:\wamp\www\time-tracker-2\vendor\compiled.php(1738): Illuminate\Foundation\Bootstrap\HandleExceptions->fatalExceptionFromError()
#2 C:\wamp\www\time-tracker-2\vendor\compiled.php(0): Illuminate\Foundation\Bootstrap\HandleExceptions->handleShutdown()
#3 C:\wamp\www\time-tracker-2\app\TimeEntries.php(17): Illuminate\Database\Eloquent\Model->belongsTo()
#4 C:\wamp\www\time-tracker-2\vendor\laravel\framework\src\Illuminate\Database\Eloquent\Builder.php(451): App\TimeEntries->user()
#5 C:\wamp\www\time-tracker-2\vendor\laravel\framework\src\Illuminate\Database\Eloquent\Relations\Relation.php(160): Illuminate\Database\Eloquent\Builder->Illuminate\Database\Eloquent\{closure}()
#6 C:\wamp\www\time-tracker-2\vendor\laravel\framework\src\Illuminate\Database\Eloquent\Relations\Relation.php(160): call_user_func:{C:\wamp\www\time-tracker-2\vendor\laravel\framework\src\Illuminate\Database\Eloquent\Relations\Relation.php:160}()
#7 C:\wamp\www\time-tracker-2\vendor\laravel\framework\src\Illuminate\Database\Eloquent\Builder.php(452): Illuminate\Database\Eloquent\Relations\Relation::noConstraints()
#8 C:\wamp\www\time-tracker-2\vendor\laravel\framework\src\Illuminate\Database\Eloquent\Builder.php(422): Illuminate\Database\Eloquent\Builder->getRelation()
#9 C:\wamp\www\time-tracker-2\vendor\laravel\framework\src\Illuminate\Database\Eloquent\Builder.php(402): Illuminate\Database\Eloquent\Builder->loadRelation()
#10 C:\wamp\www\time-tracker-2\vendor\laravel\framework\src\Illuminate\Database\Eloquent\Builder.php(169): Illuminate\Database\Eloquent\Builder->eagerLoadRelations()
#11 C:\wamp\www\time-tracker-2\app\Http\Controllers\TimeEntriesController.php(22): Illuminate\Database\Eloquent\Builder->get()
#12 C:\wamp\www\time-tracker-2\vendor\compiled.php(8287): App\Http\Controllers\TimeEntriesController->index()
#13 C:\wamp\www\time-tracker-2\vendor\compiled.php(8287): call_user_func_array:{C:\wamp\www\time-tracker-2\vendor\compiled.php:8287}()
#14 C:\wamp\www\time-tracker-2\vendor\compiled.php(8354): Illuminate\Routing\Controller->callAction()
#15 C:\wamp\www\time-tracker-2\vendor\compiled.php(8333): Illuminate\Routing\ControllerDispatcher->call()
#16 C:\wamp\www\time-tracker-2\vendor\compiled.php(8952): Illuminate\Routing\ControllerDispatcher->Illuminate\Routing\{closure}()
#17 C:\wamp\www\time-tracker-2\vendor\compiled.php(8952): call_user_func:{C:\wamp\www\time-tracker-2\vendor\compiled.php:8952}()
#18 C:\wamp\www\time-tracker-2\vendor\compiled.php(8935): Illuminate\Pipeline\Pipeline->Illuminate\Pipeline\{closure}()
#19 C:\wamp\www\time-tracker-2\vendor\compiled.php(8935): call_user_func:{C:\wamp\www\time-tracker-2\vendor\compiled.php:8935}()
#20 C:\wamp\www\time-tracker-2\vendor\compiled.php(8334): Illuminate\Pipeline\Pipeline->then()
#21 C:\wamp\www\time-tracker-2\vendor\compiled.php(8320): Illuminate\Routing\ControllerDispatcher->callWithinStack()
#22 C:\wamp\www\time-tracker-2\vendor\compiled.php(7317): Illuminate\Routing\ControllerDispatcher->dispatch()
#23 C:\wamp\www\time-tracker-2\vendor\compiled.php(7288): Illuminate\Routing\Route->runWithCustomDispatcher()
#24 C:\wamp\www\time-tracker-2\vendor\compiled.php(6954): Illuminate\Routing\Route->run()
#25 C:\wamp\www\time-tracker-2\vendor\compiled.php(8952): Illuminate\Routing\Router->Illuminate\Routing\{closure}()
#26 C:\wamp\www\time-tracker-2\vendor\compiled.php(8952): call_user_func:{C:\wamp\www\time-tracker-2\vendor\compiled.php:8952}()
#27 C:\wamp\www\time-tracker-2\vendor\compiled.php(8935): Illuminate\Pipeline\Pipeline->Illuminate\Pipeline\{closure}()
#28 C:\wamp\www\time-tracker-2\vendor\compiled.php(8935): call_user_func:{C:\wamp\www\time-tracker-2\vendor\compiled.php:8935}()
#29 C:\wamp\www\time-tracker-2\vendor\compiled.php(6955): Illuminate\Pipeline\Pipeline->then()
#30 C:\wamp\www\time-tracker-2\vendor\compiled.php(6944): Illuminate\Routing\Router->runRouteWithinStack()
#31 C:\wamp\www\time-tracker-2\vendor\compiled.php(6929): Illuminate\Routing\Router->dispatchToRoute()
#32 C:\wamp\www\time-tracker-2\vendor\compiled.php(1935): Illuminate\Routing\Router->dispatch()
#33 C:\wamp\www\time-tracker-2\vendor\compiled.php(8952): Illuminate\Foundation\Http\Kernel->Illuminate\Foundation\Http\{closure}()
#34 C:\wamp\www\time-tracker-2\vendor\compiled.php(8952): call_user_func:{C:\wamp\www\time-tracker-2\vendor\compiled.php:8952}()
#35 C:\wamp\www\time-tracker-2\vendor\compiled.php(2438): Illuminate\Pipeline\Pipeline->Illuminate\Pipeline\{closure}()
#36 C:\wamp\www\time-tracker-2\app\Http\Middleware\VerifyCsrfToken.php(17): Illuminate\Foundation\Http\Middleware\VerifyCsrfToken->handle()
#37 C:\wamp\www\time-tracker-2\vendor\compiled.php(8944): App\Http\Middleware\VerifyCsrfToken->handle()
#38 C:\wamp\www\time-tracker-2\vendor\compiled.php(12083): Illuminate\Pipeline\Pipeline->Illuminate\Pipeline\{closure}()
#39 C:\wamp\www\time-tracker-2\vendor\compiled.php(8944): Illuminate\View\Middleware\ShareErrorsFromSession->handle()
#40 C:\wamp\www\time-tracker-2\vendor\compiled.php(10785): Illuminate\Pipeline\Pipeline->Illuminate\Pipeline\{closure}()
#41 C:\wamp\www\time-tracker-2\vendor\compiled.php(8944): Illuminate\Session\Middleware\StartSession->handle()
#42 C:\wamp\www\time-tracker-2\vendor\compiled.php(11789): Illuminate\Pipeline\Pipeline->Illuminate\Pipeline\{closure}()
#43 C:\wamp\www\time-tracker-2\vendor\compiled.php(8944): Illuminate\Cookie\Middleware\AddQueuedCookiesToResponse->handle()
#44 C:\wamp\www\time-tracker-2\vendor\compiled.php(11738): Illuminate\Pipeline\Pipeline->Illuminate\Pipeline\{closure}()
#45 C:\wamp\www\time-tracker-2\vendor\compiled.php(8944): Illuminate\Cookie\Middleware\EncryptCookies->handle()
#46 C:\wamp\www\time-tracker-2\vendor\compiled.php(2478): Illuminate\Pipeline\Pipeline->Illuminate\Pipeline\{closure}()
#47 C:\wamp\www\time-tracker-2\vendor\compiled.php(8944): Illuminate\Foundation\Http\Middleware\CheckForMaintenanceMode->handle()
#48 C:\wamp\www\time-tracker-2\vendor\compiled.php(8935): Illuminate\Pipeline\Pipeline->Illuminate\Pipeline\{closure}()
#49 C:\wamp\www\time-tracker-2\vendor\compiled.php(8935): call_user_func:{C:\wamp\www\time-tracker-2\vendor\compiled.php:8935}()
#50 C:\wamp\www\time-tracker-2\vendor\compiled.php(1891): Illuminate\Pipeline\Pipeline->then()
#51 C:\wamp\www\time-tracker-2\vendor\compiled.php(1880): Illuminate\Foundation\Http\Kernel->sendRequestThroughRouter()
#52 C:\wamp\www\time-tracker-2\public\index.php(53): Illuminate\Foundation\Http\Kernel->handle()
#53 C:\wamp\www\time-tracker-2\public\index.php(0): {main}()
#54 {main}  
[2016-03-29 11:39:30] local.ERROR: exception 'Symfony\Component\Debug\Exception\FatalErrorException' with message 'Class 'AppUser' not found' in C:\wamp\www\time-tracker-2\vendor\compiled.php:9509
Stack trace:
#0 C:\wamp\www\time-tracker-2\vendor\compiled.php(1743): Symfony\Component\Debug\Exception\FatalErrorException->__construct()
#1 C:\wamp\www\time-tracker-2\vendor\compiled.php(1738): Illuminate\Foundation\Bootstrap\HandleExceptions->fatalExceptionFromError()
#2 C:\wamp\www\time-tracker-2\vendor\compiled.php(0): Illuminate\Foundation\Bootstrap\HandleExceptions->handleShutdown()
#3 C:\wamp\www\time-tracker-2\app\TimeEntry.php(17): Illuminate\Database\Eloquent\Model->belongsTo()
#4 C:\wamp\www\time-tracker-2\vendor\laravel\framework\src\Illuminate\Database\Eloquent\Builder.php(451): App\TimeEntry->user()
#5 C:\wamp\www\time-tracker-2\vendor\laravel\framework\src\Illuminate\Database\Eloquent\Relations\Relation.php(160): Illuminate\Database\Eloquent\Builder->Illuminate\Database\Eloquent\{closure}()
#6 C:\wamp\www\time-tracker-2\vendor\laravel\framework\src\Illuminate\Database\Eloquent\Relations\Relation.php(160): call_user_func:{C:\wamp\www\time-tracker-2\vendor\laravel\framework\src\Illuminate\Database\Eloquent\Relations\Relation.php:160}()
#7 C:\wamp\www\time-tracker-2\vendor\laravel\framework\src\Illuminate\Database\Eloquent\Builder.php(452): Illuminate\Database\Eloquent\Relations\Relation::noConstraints()
#8 C:\wamp\www\time-tracker-2\vendor\laravel\framework\src\Illuminate\Database\Eloquent\Builder.php(422): Illuminate\Database\Eloquent\Builder->getRelation()
#9 C:\wamp\www\time-tracker-2\vendor\laravel\framework\src\Illuminate\Database\Eloquent\Builder.php(402): Illuminate\Database\Eloquent\Builder->loadRelation()
#10 C:\wamp\www\time-tracker-2\vendor\laravel\framework\src\Illuminate\Database\Eloquent\Builder.php(169): Illuminate\Database\Eloquent\Builder->eagerLoadRelations()
#11 C:\wamp\www\time-tracker-2\app\Http\Controllers\TimeEntriesController.php(22): Illuminate\Database\Eloquent\Builder->get()
#12 C:\wamp\www\time-tracker-2\vendor\compiled.php(8287): App\Http\Controllers\TimeEntriesController->index()
#13 C:\wamp\www\time-tracker-2\vendor\compiled.php(8287): call_user_func_array:{C:\wamp\www\time-tracker-2\vendor\compiled.php:8287}()
#14 C:\wamp\www\time-tracker-2\vendor\compiled.php(8354): Illuminate\Routing\Controller->callAction()
#15 C:\wamp\www\time-tracker-2\vendor\compiled.php(8333): Illuminate\Routing\ControllerDispatcher->call()
#16 C:\wamp\www\time-tracker-2\vendor\compiled.php(8952): Illuminate\Routing\ControllerDispatcher->Illuminate\Routing\{closure}()
#17 C:\wamp\www\time-tracker-2\vendor\compiled.php(8952): call_user_func:{C:\wamp\www\time-tracker-2\vendor\compiled.php:8952}()
#18 C:\wamp\www\time-tracker-2\vendor\compiled.php(8935): Illuminate\Pipeline\Pipeline->Illuminate\Pipeline\{closure}()
#19 C:\wamp\www\time-tracker-2\vendor\compiled.php(8935): call_user_func:{C:\wamp\www\time-tracker-2\vendor\compiled.php:8935}()
#20 C:\wamp\www\time-tracker-2\vendor\compiled.php(8334): Illuminate\Pipeline\Pipeline->then()
#21 C:\wamp\www\time-tracker-2\vendor\compiled.php(8320): Illuminate\Routing\ControllerDispatcher->callWithinStack()
#22 C:\wamp\www\time-tracker-2\vendor\compiled.php(7317): Illuminate\Routing\ControllerDispatcher->dispatch()
#23 C:\wamp\www\time-tracker-2\vendor\compiled.php(7288): Illuminate\Routing\Route->runWithCustomDispatcher()
#24 C:\wamp\www\time-tracker-2\vendor\compiled.php(6954): Illuminate\Routing\Route->run()
#25 C:\wamp\www\time-tracker-2\vendor\compiled.php(8952): Illuminate\Routing\Router->Illuminate\Routing\{closure}()
#26 C:\wamp\www\time-tracker-2\vendor\compiled.php(8952): call_user_func:{C:\wamp\www\time-tracker-2\vendor\compiled.php:8952}()
#27 C:\wamp\www\time-tracker-2\vendor\compiled.php(8935): Illuminate\Pipeline\Pipeline->Illuminate\Pipeline\{closure}()
#28 C:\wamp\www\time-tracker-2\vendor\compiled.php(8935): call_user_func:{C:\wamp\www\time-tracker-2\vendor\compiled.php:8935}()
#29 C:\wamp\www\time-tracker-2\vendor\compiled.php(6955): Illuminate\Pipeline\Pipeline->then()
#30 C:\wamp\www\time-tracker-2\vendor\compiled.php(6944): Illuminate\Routing\Router->runRouteWithinStack()
#31 C:\wamp\www\time-tracker-2\vendor\compiled.php(6929): Illuminate\Routing\Router->dispatchToRoute()
#32 C:\wamp\www\time-tracker-2\vendor\compiled.php(1935): Illuminate\Routing\Router->dispatch()
#33 C:\wamp\www\time-tracker-2\vendor\compiled.php(8952): Illuminate\Foundation\Http\Kernel->Illuminate\Foundation\Http\{closure}()
#34 C:\wamp\www\time-tracker-2\vendor\compiled.php(8952): call_user_func:{C:\wamp\www\time-tracker-2\vendor\compiled.php:8952}()
#35 C:\wamp\www\time-tracker-2\vendor\compiled.php(2438): Illuminate\Pipeline\Pipeline->Illuminate\Pipeline\{closure}()
#36 C:\wamp\www\time-tracker-2\app\Http\Middleware\VerifyCsrfToken.php(17): Illuminate\Foundation\Http\Middleware\VerifyCsrfToken->handle()
#37 C:\wamp\www\time-tracker-2\vendor\compiled.php(8944): App\Http\Middleware\VerifyCsrfToken->handle()
#38 C:\wamp\www\time-tracker-2\vendor\compiled.php(12083): Illuminate\Pipeline\Pipeline->Illuminate\Pipeline\{closure}()
#39 C:\wamp\www\time-tracker-2\vendor\compiled.php(8944): Illuminate\View\Middleware\ShareErrorsFromSession->handle()
#40 C:\wamp\www\time-tracker-2\vendor\compiled.php(10785): Illuminate\Pipeline\Pipeline->Illuminate\Pipeline\{closure}()
#41 C:\wamp\www\time-tracker-2\vendor\compiled.php(8944): Illuminate\Session\Middleware\StartSession->handle()
#42 C:\wamp\www\time-tracker-2\vendor\compiled.php(11789): Illuminate\Pipeline\Pipeline->Illuminate\Pipeline\{closure}()
#43 C:\wamp\www\time-tracker-2\vendor\compiled.php(8944): Illuminate\Cookie\Middleware\AddQueuedCookiesToResponse->handle()
#44 C:\wamp\www\time-tracker-2\vendor\compiled.php(11738): Illuminate\Pipeline\Pipeline->Illuminate\Pipeline\{closure}()
#45 C:\wamp\www\time-tracker-2\vendor\compiled.php(8944): Illuminate\Cookie\Middleware\EncryptCookies->handle()
#46 C:\wamp\www\time-tracker-2\vendor\compiled.php(2478): Illuminate\Pipeline\Pipeline->Illuminate\Pipeline\{closure}()
#47 C:\wamp\www\time-tracker-2\vendor\compiled.php(8944): Illuminate\Foundation\Http\Middleware\CheckForMaintenanceMode->handle()
#48 C:\wamp\www\time-tracker-2\vendor\compiled.php(8935): Illuminate\Pipeline\Pipeline->Illuminate\Pipeline\{closure}()
#49 C:\wamp\www\time-tracker-2\vendor\compiled.php(8935): call_user_func:{C:\wamp\www\time-tracker-2\vendor\compiled.php:8935}()
#50 C:\wamp\www\time-tracker-2\vendor\compiled.php(1891): Illuminate\Pipeline\Pipeline->then()
#51 C:\wamp\www\time-tracker-2\vendor\compiled.php(1880): Illuminate\Foundation\Http\Kernel->sendRequestThroughRouter()
#52 C:\wamp\www\time-tracker-2\public\index.php(53): Illuminate\Foundation\Http\Kernel->handle()
#53 C:\wamp\www\time-tracker-2\public\index.php(0): {main}()
#54 {main}  
[2016-03-29 11:41:06] local.ERROR: exception 'Symfony\Component\Debug\Exception\FatalErrorException' with message 'Class 'AppUser' not found' in C:\wamp\www\time-tracker-2\vendor\compiled.php:9509
Stack trace:
#0 C:\wamp\www\time-tracker-2\vendor\compiled.php(1743): Symfony\Component\Debug\Exception\FatalErrorException->__construct()
#1 C:\wamp\www\time-tracker-2\vendor\compiled.php(1738): Illuminate\Foundation\Bootstrap\HandleExceptions->fatalExceptionFromError()
#2 C:\wamp\www\time-tracker-2\vendor\compiled.php(0): Illuminate\Foundation\Bootstrap\HandleExceptions->handleShutdown()
#3 C:\wamp\www\time-tracker-2\app\TimeEntry.php(17): Illuminate\Database\Eloquent\Model->belongsTo()
#4 C:\wamp\www\time-tracker-2\vendor\laravel\framework\src\Illuminate\Database\Eloquent\Builder.php(451): App\TimeEntry->user()
#5 C:\wamp\www\time-tracker-2\vendor\laravel\framework\src\Illuminate\Database\Eloquent\Relations\Relation.php(160): Illuminate\Database\Eloquent\Builder->Illuminate\Database\Eloquent\{closure}()
#6 C:\wamp\www\time-tracker-2\vendor\laravel\framework\src\Illuminate\Database\Eloquent\Relations\Relation.php(160): call_user_func:{C:\wamp\www\time-tracker-2\vendor\laravel\framework\src\Illuminate\Database\Eloquent\Relations\Relation.php:160}()
#7 C:\wamp\www\time-tracker-2\vendor\laravel\framework\src\Illuminate\Database\Eloquent\Builder.php(452): Illuminate\Database\Eloquent\Relations\Relation::noConstraints()
#8 C:\wamp\www\time-tracker-2\vendor\laravel\framework\src\Illuminate\Database\Eloquent\Builder.php(422): Illuminate\Database\Eloquent\Builder->getRelation()
#9 C:\wamp\www\time-tracker-2\vendor\laravel\framework\src\Illuminate\Database\Eloquent\Builder.php(402): Illuminate\Database\Eloquent\Builder->loadRelation()
#10 C:\wamp\www\time-tracker-2\vendor\laravel\framework\src\Illuminate\Database\Eloquent\Builder.php(169): Illuminate\Database\Eloquent\Builder->eagerLoadRelations()
#11 C:\wamp\www\time-tracker-2\app\Http\Controllers\TimeEntriesController.php(22): Illuminate\Database\Eloquent\Builder->get()
#12 C:\wamp\www\time-tracker-2\vendor\compiled.php(8287): App\Http\Controllers\TimeEntriesController->index()
#13 C:\wamp\www\time-tracker-2\vendor\compiled.php(8287): call_user_func_array:{C:\wamp\www\time-tracker-2\vendor\compiled.php:8287}()
#14 C:\wamp\www\time-tracker-2\vendor\compiled.php(8354): Illuminate\Routing\Controller->callAction()
#15 C:\wamp\www\time-tracker-2\vendor\compiled.php(8333): Illuminate\Routing\ControllerDispatcher->call()
#16 C:\wamp\www\time-tracker-2\vendor\compiled.php(8952): Illuminate\Routing\ControllerDispatcher->Illuminate\Routing\{closure}()
#17 C:\wamp\www\time-tracker-2\vendor\compiled.php(8952): call_user_func:{C:\wamp\www\time-tracker-2\vendor\compiled.php:8952}()
#18 C:\wamp\www\time-tracker-2\vendor\compiled.php(8935): Illuminate\Pipeline\Pipeline->Illuminate\Pipeline\{closure}()
#19 C:\wamp\www\time-tracker-2\vendor\compiled.php(8935): call_user_func:{C:\wamp\www\time-tracker-2\vendor\compiled.php:8935}()
#20 C:\wamp\www\time-tracker-2\vendor\compiled.php(8334): Illuminate\Pipeline\Pipeline->then()
#21 C:\wamp\www\time-tracker-2\vendor\compiled.php(8320): Illuminate\Routing\ControllerDispatcher->callWithinStack()
#22 C:\wamp\www\time-tracker-2\vendor\compiled.php(7317): Illuminate\Routing\ControllerDispatcher->dispatch()
#23 C:\wamp\www\time-tracker-2\vendor\compiled.php(7288): Illuminate\Routing\Route->runWithCustomDispatcher()
#24 C:\wamp\www\time-tracker-2\vendor\compiled.php(6954): Illuminate\Routing\Route->run()
#25 C:\wamp\www\time-tracker-2\vendor\compiled.php(8952): Illuminate\Routing\Router->Illuminate\Routing\{closure}()
#26 C:\wamp\www\time-tracker-2\vendor\compiled.php(8952): call_user_func:{C:\wamp\www\time-tracker-2\vendor\compiled.php:8952}()
#27 C:\wamp\www\time-tracker-2\vendor\compiled.php(8935): Illuminate\Pipeline\Pipeline->Illuminate\Pipeline\{closure}()
#28 C:\wamp\www\time-tracker-2\vendor\compiled.php(8935): call_user_func:{C:\wamp\www\time-tracker-2\vendor\compiled.php:8935}()
#29 C:\wamp\www\time-tracker-2\vendor\compiled.php(6955): Illuminate\Pipeline\Pipeline->then()
#30 C:\wamp\www\time-tracker-2\vendor\compiled.php(6944): Illuminate\Routing\Router->runRouteWithinStack()
#31 C:\wamp\www\time-tracker-2\vendor\compiled.php(6929): Illuminate\Routing\Router->dispatchToRoute()
#32 C:\wamp\www\time-tracker-2\vendor\compiled.php(1935): Illuminate\Routing\Router->dispatch()
#33 C:\wamp\www\time-tracker-2\vendor\compiled.php(8952): Illuminate\Foundation\Http\Kernel->Illuminate\Foundation\Http\{closure}()
#34 C:\wamp\www\time-tracker-2\vendor\compiled.php(8952): call_user_func:{C:\wamp\www\time-tracker-2\vendor\compiled.php:8952}()
#35 C:\wamp\www\time-tracker-2\vendor\compiled.php(2438): Illuminate\Pipeline\Pipeline->Illuminate\Pipeline\{closure}()
#36 C:\wamp\www\time-tracker-2\app\Http\Middleware\VerifyCsrfToken.php(17): Illuminate\Foundation\Http\Middleware\VerifyCsrfToken->handle()
#37 C:\wamp\www\time-tracker-2\vendor\compiled.php(8944): App\Http\Middleware\VerifyCsrfToken->handle()
#38 C:\wamp\www\time-tracker-2\vendor\compiled.php(12083): Illuminate\Pipeline\Pipeline->Illuminate\Pipeline\{closure}()
#39 C:\wamp\www\time-tracker-2\vendor\compiled.php(8944): Illuminate\View\Middleware\ShareErrorsFromSession->handle()
#40 C:\wamp\www\time-tracker-2\vendor\compiled.php(10785): Illuminate\Pipeline\Pipeline->Illuminate\Pipeline\{closure}()
#41 C:\wamp\www\time-tracker-2\vendor\compiled.php(8944): Illuminate\Session\Middleware\StartSession->handle()
#42 C:\wamp\www\time-tracker-2\vendor\compiled.php(11789): Illuminate\Pipeline\Pipeline->Illuminate\Pipeline\{closure}()
#43 C:\wamp\www\time-tracker-2\vendor\compiled.php(8944): Illuminate\Cookie\Middleware\AddQueuedCookiesToResponse->handle()
#44 C:\wamp\www\time-tracker-2\vendor\compiled.php(11738): Illuminate\Pipeline\Pipeline->Illuminate\Pipeline\{closure}()
#45 C:\wamp\www\time-tracker-2\vendor\compiled.php(8944): Illuminate\Cookie\Middleware\EncryptCookies->handle()
#46 C:\wamp\www\time-tracker-2\vendor\compiled.php(2478): Illuminate\Pipeline\Pipeline->Illuminate\Pipeline\{closure}()
#47 C:\wamp\www\time-tracker-2\vendor\compiled.php(8944): Illuminate\Foundation\Http\Middleware\CheckForMaintenanceMode->handle()
#48 C:\wamp\www\time-tracker-2\vendor\compiled.php(8935): Illuminate\Pipeline\Pipeline->Illuminate\Pipeline\{closure}()
#49 C:\wamp\www\time-tracker-2\vendor\compiled.php(8935): call_user_func:{C:\wamp\www\time-tracker-2\vendor\compiled.php:8935}()
#50 C:\wamp\www\time-tracker-2\vendor\compiled.php(1891): Illuminate\Pipeline\Pipeline->then()
#51 C:\wamp\www\time-tracker-2\vendor\compiled.php(1880): Illuminate\Foundation\Http\Kernel->sendRequestThroughRouter()
#52 C:\wamp\www\time-tracker-2\public\index.php(53): Illuminate\Foundation\Http\Kernel->handle()
#53 C:\wamp\www\time-tracker-2\public\index.php(0): {main}()
#54 {main}  
[2016-03-29 11:41:07] local.ERROR: exception 'Symfony\Component\Debug\Exception\FatalErrorException' with message 'Class 'AppUser' not found' in C:\wamp\www\time-tracker-2\vendor\compiled.php:9509
Stack trace:
#0 C:\wamp\www\time-tracker-2\vendor\compiled.php(1743): Symfony\Component\Debug\Exception\FatalErrorException->__construct()
#1 C:\wamp\www\time-tracker-2\vendor\compiled.php(1738): Illuminate\Foundation\Bootstrap\HandleExceptions->fatalExceptionFromError()
#2 C:\wamp\www\time-tracker-2\vendor\compiled.php(0): Illuminate\Foundation\Bootstrap\HandleExceptions->handleShutdown()
#3 C:\wamp\www\time-tracker-2\app\TimeEntry.php(17): Illuminate\Database\Eloquent\Model->belongsTo()
#4 C:\wamp\www\time-tracker-2\vendor\laravel\framework\src\Illuminate\Database\Eloquent\Builder.php(451): App\TimeEntry->user()
#5 C:\wamp\www\time-tracker-2\vendor\laravel\framework\src\Illuminate\Database\Eloquent\Relations\Relation.php(160): Illuminate\Database\Eloquent\Builder->Illuminate\Database\Eloquent\{closure}()
#6 C:\wamp\www\time-tracker-2\vendor\laravel\framework\src\Illuminate\Database\Eloquent\Relations\Relation.php(160): call_user_func:{C:\wamp\www\time-tracker-2\vendor\laravel\framework\src\Illuminate\Database\Eloquent\Relations\Relation.php:160}()
#7 C:\wamp\www\time-tracker-2\vendor\laravel\framework\src\Illuminate\Database\Eloquent\Builder.php(452): Illuminate\Database\Eloquent\Relations\Relation::noConstraints()
#8 C:\wamp\www\time-tracker-2\vendor\laravel\framework\src\Illuminate\Database\Eloquent\Builder.php(422): Illuminate\Database\Eloquent\Builder->getRelation()
#9 C:\wamp\www\time-tracker-2\vendor\laravel\framework\src\Illuminate\Database\Eloquent\Builder.php(402): Illuminate\Database\Eloquent\Builder->loadRelation()
#10 C:\wamp\www\time-tracker-2\vendor\laravel\framework\src\Illuminate\Database\Eloquent\Builder.php(169): Illuminate\Database\Eloquent\Builder->eagerLoadRelations()
#11 C:\wamp\www\time-tracker-2\app\Http\Controllers\TimeEntriesController.php(22): Illuminate\Database\Eloquent\Builder->get()
#12 C:\wamp\www\time-tracker-2\vendor\compiled.php(8287): App\Http\Controllers\TimeEntriesController->index()
#13 C:\wamp\www\time-tracker-2\vendor\compiled.php(8287): call_user_func_array:{C:\wamp\www\time-tracker-2\vendor\compiled.php:8287}()
#14 C:\wamp\www\time-tracker-2\vendor\compiled.php(8354): Illuminate\Routing\Controller->callAction()
#15 C:\wamp\www\time-tracker-2\vendor\compiled.php(8333): Illuminate\Routing\ControllerDispatcher->call()
#16 C:\wamp\www\time-tracker-2\vendor\compiled.php(8952): Illuminate\Routing\ControllerDispatcher->Illuminate\Routing\{closure}()
#17 C:\wamp\www\time-tracker-2\vendor\compiled.php(8952): call_user_func:{C:\wamp\www\time-tracker-2\vendor\compiled.php:8952}()
#18 C:\wamp\www\time-tracker-2\vendor\compiled.php(8935): Illuminate\Pipeline\Pipeline->Illuminate\Pipeline\{closure}()
#19 C:\wamp\www\time-tracker-2\vendor\compiled.php(8935): call_user_func:{C:\wamp\www\time-tracker-2\vendor\compiled.php:8935}()
#20 C:\wamp\www\time-tracker-2\vendor\compiled.php(8334): Illuminate\Pipeline\Pipeline->then()
#21 C:\wamp\www\time-tracker-2\vendor\compiled.php(8320): Illuminate\Routing\ControllerDispatcher->callWithinStack()
#22 C:\wamp\www\time-tracker-2\vendor\compiled.php(7317): Illuminate\Routing\ControllerDispatcher->dispatch()
#23 C:\wamp\www\time-tracker-2\vendor\compiled.php(7288): Illuminate\Routing\Route->runWithCustomDispatcher()
#24 C:\wamp\www\time-tracker-2\vendor\compiled.php(6954): Illuminate\Routing\Route->run()
#25 C:\wamp\www\time-tracker-2\vendor\compiled.php(8952): Illuminate\Routing\Router->Illuminate\Routing\{closure}()
#26 C:\wamp\www\time-tracker-2\vendor\compiled.php(8952): call_user_func:{C:\wamp\www\time-tracker-2\vendor\compiled.php:8952}()
#27 C:\wamp\www\time-tracker-2\vendor\compiled.php(8935): Illuminate\Pipeline\Pipeline->Illuminate\Pipeline\{closure}()
#28 C:\wamp\www\time-tracker-2\vendor\compiled.php(8935): call_user_func:{C:\wamp\www\time-tracker-2\vendor\compiled.php:8935}()
#29 C:\wamp\www\time-tracker-2\vendor\compiled.php(6955): Illuminate\Pipeline\Pipeline->then()
#30 C:\wamp\www\time-tracker-2\vendor\compiled.php(6944): Illuminate\Routing\Router->runRouteWithinStack()
#31 C:\wamp\www\time-tracker-2\vendor\compiled.php(6929): Illuminate\Routing\Router->dispatchToRoute()
#32 C:\wamp\www\time-tracker-2\vendor\compiled.php(1935): Illuminate\Routing\Router->dispatch()
#33 C:\wamp\www\time-tracker-2\vendor\compiled.php(8952): Illuminate\Foundation\Http\Kernel->Illuminate\Foundation\Http\{closure}()
#34 C:\wamp\www\time-tracker-2\vendor\compiled.php(8952): call_user_func:{C:\wamp\www\time-tracker-2\vendor\compiled.php:8952}()
#35 C:\wamp\www\time-tracker-2\vendor\compiled.php(2438): Illuminate\Pipeline\Pipeline->Illuminate\Pipeline\{closure}()
#36 C:\wamp\www\time-tracker-2\app\Http\Middleware\VerifyCsrfToken.php(17): Illuminate\Foundation\Http\Middleware\VerifyCsrfToken->handle()
#37 C:\wamp\www\time-tracker-2\vendor\compiled.php(8944): App\Http\Middleware\VerifyCsrfToken->handle()
#38 C:\wamp\www\time-tracker-2\vendor\compiled.php(12083): Illuminate\Pipeline\Pipeline->Illuminate\Pipeline\{closure}()
#39 C:\wamp\www\time-tracker-2\vendor\compiled.php(8944): Illuminate\View\Middleware\ShareErrorsFromSession->handle()
#40 C:\wamp\www\time-tracker-2\vendor\compiled.php(10785): Illuminate\Pipeline\Pipeline->Illuminate\Pipeline\{closure}()
#41 C:\wamp\www\time-tracker-2\vendor\compiled.php(8944): Illuminate\Session\Middleware\StartSession->handle()
#42 C:\wamp\www\time-tracker-2\vendor\compiled.php(11789): Illuminate\Pipeline\Pipeline->Illuminate\Pipeline\{closure}()
#43 C:\wamp\www\time-tracker-2\vendor\compiled.php(8944): Illuminate\Cookie\Middleware\AddQueuedCookiesToResponse->handle()
#44 C:\wamp\www\time-tracker-2\vendor\compiled.php(11738): Illuminate\Pipeline\Pipeline->Illuminate\Pipeline\{closure}()
#45 C:\wamp\www\time-tracker-2\vendor\compiled.php(8944): Illuminate\Cookie\Middleware\EncryptCookies->handle()
#46 C:\wamp\www\time-tracker-2\vendor\compiled.php(2478): Illuminate\Pipeline\Pipeline->Illuminate\Pipeline\{closure}()
#47 C:\wamp\www\time-tracker-2\vendor\compiled.php(8944): Illuminate\Foundation\Http\Middleware\CheckForMaintenanceMode->handle()
#48 C:\wamp\www\time-tracker-2\vendor\compiled.php(8935): Illuminate\Pipeline\Pipeline->Illuminate\Pipeline\{closure}()
#49 C:\wamp\www\time-tracker-2\vendor\compiled.php(8935): call_user_func:{C:\wamp\www\time-tracker-2\vendor\compiled.php:8935}()
#50 C:\wamp\www\time-tracker-2\vendor\compiled.php(1891): Illuminate\Pipeline\Pipeline->then()
#51 C:\wamp\www\time-tracker-2\vendor\compiled.php(1880): Illuminate\Foundation\Http\Kernel->sendRequestThroughRouter()
#52 C:\wamp\www\time-tracker-2\public\index.php(53): Illuminate\Foundation\Http\Kernel->handle()
#53 C:\wamp\www\time-tracker-2\public\index.php(0): {main}()
#54 {main}  
[2016-03-29 11:41:08] local.ERROR: exception 'Symfony\Component\Debug\Exception\FatalErrorException' with message 'Class 'AppUser' not found' in C:\wamp\www\time-tracker-2\vendor\compiled.php:9509
Stack trace:
#0 C:\wamp\www\time-tracker-2\vendor\compiled.php(1743): Symfony\Component\Debug\Exception\FatalErrorException->__construct()
#1 C:\wamp\www\time-tracker-2\vendor\compiled.php(1738): Illuminate\Foundation\Bootstrap\HandleExceptions->fatalExceptionFromError()
#2 C:\wamp\www\time-tracker-2\vendor\compiled.php(0): Illuminate\Foundation\Bootstrap\HandleExceptions->handleShutdown()
#3 C:\wamp\www\time-tracker-2\app\TimeEntry.php(17): Illuminate\Database\Eloquent\Model->belongsTo()
#4 C:\wamp\www\time-tracker-2\vendor\laravel\framework\src\Illuminate\Database\Eloquent\Builder.php(451): App\TimeEntry->user()
#5 C:\wamp\www\time-tracker-2\vendor\laravel\framework\src\Illuminate\Database\Eloquent\Relations\Relation.php(160): Illuminate\Database\Eloquent\Builder->Illuminate\Database\Eloquent\{closure}()
#6 C:\wamp\www\time-tracker-2\vendor\laravel\framework\src\Illuminate\Database\Eloquent\Relations\Relation.php(160): call_user_func:{C:\wamp\www\time-tracker-2\vendor\laravel\framework\src\Illuminate\Database\Eloquent\Relations\Relation.php:160}()
#7 C:\wamp\www\time-tracker-2\vendor\laravel\framework\src\Illuminate\Database\Eloquent\Builder.php(452): Illuminate\Database\Eloquent\Relations\Relation::noConstraints()
#8 C:\wamp\www\time-tracker-2\vendor\laravel\framework\src\Illuminate\Database\Eloquent\Builder.php(422): Illuminate\Database\Eloquent\Builder->getRelation()
#9 C:\wamp\www\time-tracker-2\vendor\laravel\framework\src\Illuminate\Database\Eloquent\Builder.php(402): Illuminate\Database\Eloquent\Builder->loadRelation()
#10 C:\wamp\www\time-tracker-2\vendor\laravel\framework\src\Illuminate\Database\Eloquent\Builder.php(169): Illuminate\Database\Eloquent\Builder->eagerLoadRelations()
#11 C:\wamp\www\time-tracker-2\app\Http\Controllers\TimeEntriesController.php(22): Illuminate\Database\Eloquent\Builder->get()
#12 C:\wamp\www\time-tracker-2\vendor\compiled.php(8287): App\Http\Controllers\TimeEntriesController->index()
#13 C:\wamp\www\time-tracker-2\vendor\compiled.php(8287): call_user_func_array:{C:\wamp\www\time-tracker-2\vendor\compiled.php:8287}()
#14 C:\wamp\www\time-tracker-2\vendor\compiled.php(8354): Illuminate\Routing\Controller->callAction()
#15 C:\wamp\www\time-tracker-2\vendor\compiled.php(8333): Illuminate\Routing\ControllerDispatcher->call()
#16 C:\wamp\www\time-tracker-2\vendor\compiled.php(8952): Illuminate\Routing\ControllerDispatcher->Illuminate\Routing\{closure}()
#17 C:\wamp\www\time-tracker-2\vendor\compiled.php(8952): call_user_func:{C:\wamp\www\time-tracker-2\vendor\compiled.php:8952}()
#18 C:\wamp\www\time-tracker-2\vendor\compiled.php(8935): Illuminate\Pipeline\Pipeline->Illuminate\Pipeline\{closure}()
#19 C:\wamp\www\time-tracker-2\vendor\compiled.php(8935): call_user_func:{C:\wamp\www\time-tracker-2\vendor\compiled.php:8935}()
#20 C:\wamp\www\time-tracker-2\vendor\compiled.php(8334): Illuminate\Pipeline\Pipeline->then()
#21 C:\wamp\www\time-tracker-2\vendor\compiled.php(8320): Illuminate\Routing\ControllerDispatcher->callWithinStack()
#22 C:\wamp\www\time-tracker-2\vendor\compiled.php(7317): Illuminate\Routing\ControllerDispatcher->dispatch()
#23 C:\wamp\www\time-tracker-2\vendor\compiled.php(7288): Illuminate\Routing\Route->runWithCustomDispatcher()
#24 C:\wamp\www\time-tracker-2\vendor\compiled.php(6954): Illuminate\Routing\Route->run()
#25 C:\wamp\www\time-tracker-2\vendor\compiled.php(8952): Illuminate\Routing\Router->Illuminate\Routing\{closure}()
#26 C:\wamp\www\time-tracker-2\vendor\compiled.php(8952): call_user_func:{C:\wamp\www\time-tracker-2\vendor\compiled.php:8952}()
#27 C:\wamp\www\time-tracker-2\vendor\compiled.php(8935): Illuminate\Pipeline\Pipeline->Illuminate\Pipeline\{closure}()
#28 C:\wamp\www\time-tracker-2\vendor\compiled.php(8935): call_user_func:{C:\wamp\www\time-tracker-2\vendor\compiled.php:8935}()
#29 C:\wamp\www\time-tracker-2\vendor\compiled.php(6955): Illuminate\Pipeline\Pipeline->then()
#30 C:\wamp\www\time-tracker-2\vendor\compiled.php(6944): Illuminate\Routing\Router->runRouteWithinStack()
#31 C:\wamp\www\time-tracker-2\vendor\compiled.php(6929): Illuminate\Routing\Router->dispatchToRoute()
#32 C:\wamp\www\time-tracker-2\vendor\compiled.php(1935): Illuminate\Routing\Router->dispatch()
#33 C:\wamp\www\time-tracker-2\vendor\compiled.php(8952): Illuminate\Foundation\Http\Kernel->Illuminate\Foundation\Http\{closure}()
#34 C:\wamp\www\time-tracker-2\vendor\compiled.php(8952): call_user_func:{C:\wamp\www\time-tracker-2\vendor\compiled.php:8952}()
#35 C:\wamp\www\time-tracker-2\vendor\compiled.php(2438): Illuminate\Pipeline\Pipeline->Illuminate\Pipeline\{closure}()
#36 C:\wamp\www\time-tracker-2\app\Http\Middleware\VerifyCsrfToken.php(17): Illuminate\Foundation\Http\Middleware\VerifyCsrfToken->handle()
#37 C:\wamp\www\time-tracker-2\vendor\compiled.php(8944): App\Http\Middleware\VerifyCsrfToken->handle()
#38 C:\wamp\www\time-tracker-2\vendor\compiled.php(12083): Illuminate\Pipeline\Pipeline->Illuminate\Pipeline\{closure}()
#39 C:\wamp\www\time-tracker-2\vendor\compiled.php(8944): Illuminate\View\Middleware\ShareErrorsFromSession->handle()
#40 C:\wamp\www\time-tracker-2\vendor\compiled.php(10785): Illuminate\Pipeline\Pipeline->Illuminate\Pipeline\{closure}()
#41 C:\wamp\www\time-tracker-2\vendor\compiled.php(8944): Illuminate\Session\Middleware\StartSession->handle()
#42 C:\wamp\www\time-tracker-2\vendor\compiled.php(11789): Illuminate\Pipeline\Pipeline->Illuminate\Pipeline\{closure}()
#43 C:\wamp\www\time-tracker-2\vendor\compiled.php(8944): Illuminate\Cookie\Middleware\AddQueuedCookiesToResponse->handle()
#44 C:\wamp\www\time-tracker-2\vendor\compiled.php(11738): Illuminate\Pipeline\Pipeline->Illuminate\Pipeline\{closure}()
#45 C:\wamp\www\time-tracker-2\vendor\compiled.php(8944): Illuminate\Cookie\Middleware\EncryptCookies->handle()
#46 C:\wamp\www\time-tracker-2\vendor\compiled.php(2478): Illuminate\Pipeline\Pipeline->Illuminate\Pipeline\{closure}()
#47 C:\wamp\www\time-tracker-2\vendor\compiled.php(8944): Illuminate\Foundation\Http\Middleware\CheckForMaintenanceMode->handle()
#48 C:\wamp\www\time-tracker-2\vendor\compiled.php(8935): Illuminate\Pipeline\Pipeline->Illuminate\Pipeline\{closure}()
#49 C:\wamp\www\time-tracker-2\vendor\compiled.php(8935): call_user_func:{C:\wamp\www\time-tracker-2\vendor\compiled.php:8935}()
#50 C:\wamp\www\time-tracker-2\vendor\compiled.php(1891): Illuminate\Pipeline\Pipeline->then()
#51 C:\wamp\www\time-tracker-2\vendor\compiled.php(1880): Illuminate\Foundation\Http\Kernel->sendRequestThroughRouter()
#52 C:\wamp\www\time-tracker-2\public\index.php(53): Illuminate\Foundation\Http\Kernel->handle()
#53 C:\wamp\www\time-tracker-2\public\index.php(0): {main}()
#54 {main}  
[2016-03-29 11:43:15] local.ERROR: exception 'Symfony\Component\Debug\Exception\FatalErrorException' with message 'Class 'AppUser' not found' in C:\wamp\www\time-tracker-2\vendor\compiled.php:9509
Stack trace:
#0 C:\wamp\www\time-tracker-2\vendor\compiled.php(1743): Symfony\Component\Debug\Exception\FatalErrorException->__construct()
#1 C:\wamp\www\time-tracker-2\vendor\compiled.php(1738): Illuminate\Foundation\Bootstrap\HandleExceptions->fatalExceptionFromError()
#2 C:\wamp\www\time-tracker-2\vendor\compiled.php(0): Illuminate\Foundation\Bootstrap\HandleExceptions->handleShutdown()
#3 C:\wamp\www\time-tracker-2\app\TimeEntry.php(17): Illuminate\Database\Eloquent\Model->belongsTo()
#4 C:\wamp\www\time-tracker-2\vendor\laravel\framework\src\Illuminate\Database\Eloquent\Builder.php(451): App\TimeEntry->user()
#5 C:\wamp\www\time-tracker-2\vendor\laravel\framework\src\Illuminate\Database\Eloquent\Relations\Relation.php(160): Illuminate\Database\Eloquent\Builder->Illuminate\Database\Eloquent\{closure}()
#6 C:\wamp\www\time-tracker-2\vendor\laravel\framework\src\Illuminate\Database\Eloquent\Relations\Relation.php(160): call_user_func:{C:\wamp\www\time-tracker-2\vendor\laravel\framework\src\Illuminate\Database\Eloquent\Relations\Relation.php:160}()
#7 C:\wamp\www\time-tracker-2\vendor\laravel\framework\src\Illuminate\Database\Eloquent\Builder.php(452): Illuminate\Database\Eloquent\Relations\Relation::noConstraints()
#8 C:\wamp\www\time-tracker-2\vendor\laravel\framework\src\Illuminate\Database\Eloquent\Builder.php(422): Illuminate\Database\Eloquent\Builder->getRelation()
#9 C:\wamp\www\time-tracker-2\vendor\laravel\framework\src\Illuminate\Database\Eloquent\Builder.php(402): Illuminate\Database\Eloquent\Builder->loadRelation()
#10 C:\wamp\www\time-tracker-2\vendor\laravel\framework\src\Illuminate\Database\Eloquent\Builder.php(169): Illuminate\Database\Eloquent\Builder->eagerLoadRelations()
#11 C:\wamp\www\time-tracker-2\app\Http\Controllers\TimeEntriesController.php(22): Illuminate\Database\Eloquent\Builder->get()
#12 C:\wamp\www\time-tracker-2\vendor\compiled.php(8287): App\Http\Controllers\TimeEntriesController->index()
#13 C:\wamp\www\time-tracker-2\vendor\compiled.php(8287): call_user_func_array:{C:\wamp\www\time-tracker-2\vendor\compiled.php:8287}()
#14 C:\wamp\www\time-tracker-2\vendor\compiled.php(8354): Illuminate\Routing\Controller->callAction()
#15 C:\wamp\www\time-tracker-2\vendor\compiled.php(8333): Illuminate\Routing\ControllerDispatcher->call()
#16 C:\wamp\www\time-tracker-2\vendor\compiled.php(8952): Illuminate\Routing\ControllerDispatcher->Illuminate\Routing\{closure}()
#17 C:\wamp\www\time-tracker-2\vendor\compiled.php(8952): call_user_func:{C:\wamp\www\time-tracker-2\vendor\compiled.php:8952}()
#18 C:\wamp\www\time-tracker-2\vendor\compiled.php(8935): Illuminate\Pipeline\Pipeline->Illuminate\Pipeline\{closure}()
#19 C:\wamp\www\time-tracker-2\vendor\compiled.php(8935): call_user_func:{C:\wamp\www\time-tracker-2\vendor\compiled.php:8935}()
#20 C:\wamp\www\time-tracker-2\vendor\compiled.php(8334): Illuminate\Pipeline\Pipeline->then()
#21 C:\wamp\www\time-tracker-2\vendor\compiled.php(8320): Illuminate\Routing\ControllerDispatcher->callWithinStack()
#22 C:\wamp\www\time-tracker-2\vendor\compiled.php(7317): Illuminate\Routing\ControllerDispatcher->dispatch()
#23 C:\wamp\www\time-tracker-2\vendor\compiled.php(7288): Illuminate\Routing\Route->runWithCustomDispatcher()
#24 C:\wamp\www\time-tracker-2\vendor\compiled.php(6954): Illuminate\Routing\Route->run()
#25 C:\wamp\www\time-tracker-2\vendor\compiled.php(8952): Illuminate\Routing\Router->Illuminate\Routing\{closure}()
#26 C:\wamp\www\time-tracker-2\vendor\compiled.php(8952): call_user_func:{C:\wamp\www\time-tracker-2\vendor\compiled.php:8952}()
#27 C:\wamp\www\time-tracker-2\vendor\compiled.php(8935): Illuminate\Pipeline\Pipeline->Illuminate\Pipeline\{closure}()
#28 C:\wamp\www\time-tracker-2\vendor\compiled.php(8935): call_user_func:{C:\wamp\www\time-tracker-2\vendor\compiled.php:8935}()
#29 C:\wamp\www\time-tracker-2\vendor\compiled.php(6955): Illuminate\Pipeline\Pipeline->then()
#30 C:\wamp\www\time-tracker-2\vendor\compiled.php(6944): Illuminate\Routing\Router->runRouteWithinStack()
#31 C:\wamp\www\time-tracker-2\vendor\compiled.php(6929): Illuminate\Routing\Router->dispatchToRoute()
#32 C:\wamp\www\time-tracker-2\vendor\compiled.php(1935): Illuminate\Routing\Router->dispatch()
#33 C:\wamp\www\time-tracker-2\vendor\compiled.php(8952): Illuminate\Foundation\Http\Kernel->Illuminate\Foundation\Http\{closure}()
#34 C:\wamp\www\time-tracker-2\vendor\compiled.php(8952): call_user_func:{C:\wamp\www\time-tracker-2\vendor\compiled.php:8952}()
#35 C:\wamp\www\time-tracker-2\vendor\compiled.php(2438): Illuminate\Pipeline\Pipeline->Illuminate\Pipeline\{closure}()
#36 C:\wamp\www\time-tracker-2\app\Http\Middleware\VerifyCsrfToken.php(17): Illuminate\Foundation\Http\Middleware\VerifyCsrfToken->handle()
#37 C:\wamp\www\time-tracker-2\vendor\compiled.php(8944): App\Http\Middleware\VerifyCsrfToken->handle()
#38 C:\wamp\www\time-tracker-2\vendor\compiled.php(12083): Illuminate\Pipeline\Pipeline->Illuminate\Pipeline\{closure}()
#39 C:\wamp\www\time-tracker-2\vendor\compiled.php(8944): Illuminate\View\Middleware\ShareErrorsFromSession->handle()
#40 C:\wamp\www\time-tracker-2\vendor\compiled.php(10785): Illuminate\Pipeline\Pipeline->Illuminate\Pipeline\{closure}()
#41 C:\wamp\www\time-tracker-2\vendor\compiled.php(8944): Illuminate\Session\Middleware\StartSession->handle()
#42 C:\wamp\www\time-tracker-2\vendor\compiled.php(11789): Illuminate\Pipeline\Pipeline->Illuminate\Pipeline\{closure}()
#43 C:\wamp\www\time-tracker-2\vendor\compiled.php(8944): Illuminate\Cookie\Middleware\AddQueuedCookiesToResponse->handle()
#44 C:\wamp\www\time-tracker-2\vendor\compiled.php(11738): Illuminate\Pipeline\Pipeline->Illuminate\Pipeline\{closure}()
#45 C:\wamp\www\time-tracker-2\vendor\compiled.php(8944): Illuminate\Cookie\Middleware\EncryptCookies->handle()
#46 C:\wamp\www\time-tracker-2\vendor\compiled.php(2478): Illuminate\Pipeline\Pipeline->Illuminate\Pipeline\{closure}()
#47 C:\wamp\www\time-tracker-2\vendor\compiled.php(8944): Illuminate\Foundation\Http\Middleware\CheckForMaintenanceMode->handle()
#48 C:\wamp\www\time-tracker-2\vendor\compiled.php(8935): Illuminate\Pipeline\Pipeline->Illuminate\Pipeline\{closure}()
#49 C:\wamp\www\time-tracker-2\vendor\compiled.php(8935): call_user_func:{C:\wamp\www\time-tracker-2\vendor\compiled.php:8935}()
#50 C:\wamp\www\time-tracker-2\vendor\compiled.php(1891): Illuminate\Pipeline\Pipeline->then()
#51 C:\wamp\www\time-tracker-2\vendor\compiled.php(1880): Illuminate\Foundation\Http\Kernel->sendRequestThroughRouter()
#52 C:\wamp\www\time-tracker-2\public\index.php(53): Illuminate\Foundation\Http\Kernel->handle()
#53 C:\wamp\www\time-tracker-2\public\index.php(0): {main}()
#54 {main}  
[2016-03-29 11:43:15] local.ERROR: exception 'Symfony\Component\Debug\Exception\FatalErrorException' with message 'Class 'AppUser' not found' in C:\wamp\www\time-tracker-2\vendor\compiled.php:9509
Stack trace:
#0 C:\wamp\www\time-tracker-2\vendor\compiled.php(1743): Symfony\Component\Debug\Exception\FatalErrorException->__construct()
#1 C:\wamp\www\time-tracker-2\vendor\compiled.php(1738): Illuminate\Foundation\Bootstrap\HandleExceptions->fatalExceptionFromError()
#2 C:\wamp\www\time-tracker-2\vendor\compiled.php(0): Illuminate\Foundation\Bootstrap\HandleExceptions->handleShutdown()
#3 C:\wamp\www\time-tracker-2\app\TimeEntry.php(17): Illuminate\Database\Eloquent\Model->belongsTo()
#4 C:\wamp\www\time-tracker-2\vendor\laravel\framework\src\Illuminate\Database\Eloquent\Builder.php(451): App\TimeEntry->user()
#5 C:\wamp\www\time-tracker-2\vendor\laravel\framework\src\Illuminate\Database\Eloquent\Relations\Relation.php(160): Illuminate\Database\Eloquent\Builder->Illuminate\Database\Eloquent\{closure}()
#6 C:\wamp\www\time-tracker-2\vendor\laravel\framework\src\Illuminate\Database\Eloquent\Relations\Relation.php(160): call_user_func:{C:\wamp\www\time-tracker-2\vendor\laravel\framework\src\Illuminate\Database\Eloquent\Relations\Relation.php:160}()
#7 C:\wamp\www\time-tracker-2\vendor\laravel\framework\src\Illuminate\Database\Eloquent\Builder.php(452): Illuminate\Database\Eloquent\Relations\Relation::noConstraints()
#8 C:\wamp\www\time-tracker-2\vendor\laravel\framework\src\Illuminate\Database\Eloquent\Builder.php(422): Illuminate\Database\Eloquent\Builder->getRelation()
#9 C:\wamp\www\time-tracker-2\vendor\laravel\framework\src\Illuminate\Database\Eloquent\Builder.php(402): Illuminate\Database\Eloquent\Builder->loadRelation()
#10 C:\wamp\www\time-tracker-2\vendor\laravel\framework\src\Illuminate\Database\Eloquent\Builder.php(169): Illuminate\Database\Eloquent\Builder->eagerLoadRelations()
#11 C:\wamp\www\time-tracker-2\app\Http\Controllers\TimeEntriesController.php(22): Illuminate\Database\Eloquent\Builder->get()
#12 C:\wamp\www\time-tracker-2\vendor\compiled.php(8287): App\Http\Controllers\TimeEntriesController->index()
#13 C:\wamp\www\time-tracker-2\vendor\compiled.php(8287): call_user_func_array:{C:\wamp\www\time-tracker-2\vendor\compiled.php:8287}()
#14 C:\wamp\www\time-tracker-2\vendor\compiled.php(8354): Illuminate\Routing\Controller->callAction()
#15 C:\wamp\www\time-tracker-2\vendor\compiled.php(8333): Illuminate\Routing\ControllerDispatcher->call()
#16 C:\wamp\www\time-tracker-2\vendor\compiled.php(8952): Illuminate\Routing\ControllerDispatcher->Illuminate\Routing\{closure}()
#17 C:\wamp\www\time-tracker-2\vendor\compiled.php(8952): call_user_func:{C:\wamp\www\time-tracker-2\vendor\compiled.php:8952}()
#18 C:\wamp\www\time-tracker-2\vendor\compiled.php(8935): Illuminate\Pipeline\Pipeline->Illuminate\Pipeline\{closure}()
#19 C:\wamp\www\time-tracker-2\vendor\compiled.php(8935): call_user_func:{C:\wamp\www\time-tracker-2\vendor\compiled.php:8935}()
#20 C:\wamp\www\time-tracker-2\vendor\compiled.php(8334): Illuminate\Pipeline\Pipeline->then()
#21 C:\wamp\www\time-tracker-2\vendor\compiled.php(8320): Illuminate\Routing\ControllerDispatcher->callWithinStack()
#22 C:\wamp\www\time-tracker-2\vendor\compiled.php(7317): Illuminate\Routing\ControllerDispatcher->dispatch()
#23 C:\wamp\www\time-tracker-2\vendor\compiled.php(7288): Illuminate\Routing\Route->runWithCustomDispatcher()
#24 C:\wamp\www\time-tracker-2\vendor\compiled.php(6954): Illuminate\Routing\Route->run()
#25 C:\wamp\www\time-tracker-2\vendor\compiled.php(8952): Illuminate\Routing\Router->Illuminate\Routing\{closure}()
#26 C:\wamp\www\time-tracker-2\vendor\compiled.php(8952): call_user_func:{C:\wamp\www\time-tracker-2\vendor\compiled.php:8952}()
#27 C:\wamp\www\time-tracker-2\vendor\compiled.php(8935): Illuminate\Pipeline\Pipeline->Illuminate\Pipeline\{closure}()
#28 C:\wamp\www\time-tracker-2\vendor\compiled.php(8935): call_user_func:{C:\wamp\www\time-tracker-2\vendor\compiled.php:8935}()
#29 C:\wamp\www\time-tracker-2\vendor\compiled.php(6955): Illuminate\Pipeline\Pipeline->then()
#30 C:\wamp\www\time-tracker-2\vendor\compiled.php(6944): Illuminate\Routing\Router->runRouteWithinStack()
#31 C:\wamp\www\time-tracker-2\vendor\compiled.php(6929): Illuminate\Routing\Router->dispatchToRoute()
#32 C:\wamp\www\time-tracker-2\vendor\compiled.php(1935): Illuminate\Routing\Router->dispatch()
#33 C:\wamp\www\time-tracker-2\vendor\compiled.php(8952): Illuminate\Foundation\Http\Kernel->Illuminate\Foundation\Http\{closure}()
#34 C:\wamp\www\time-tracker-2\vendor\compiled.php(8952): call_user_func:{C:\wamp\www\time-tracker-2\vendor\compiled.php:8952}()
#35 C:\wamp\www\time-tracker-2\vendor\compiled.php(2438): Illuminate\Pipeline\Pipeline->Illuminate\Pipeline\{closure}()
#36 C:\wamp\www\time-tracker-2\app\Http\Middleware\VerifyCsrfToken.php(17): Illuminate\Foundation\Http\Middleware\VerifyCsrfToken->handle()
#37 C:\wamp\www\time-tracker-2\vendor\compiled.php(8944): App\Http\Middleware\VerifyCsrfToken->handle()
#38 C:\wamp\www\time-tracker-2\vendor\compiled.php(12083): Illuminate\Pipeline\Pipeline->Illuminate\Pipeline\{closure}()
#39 C:\wamp\www\time-tracker-2\vendor\compiled.php(8944): Illuminate\View\Middleware\ShareErrorsFromSession->handle()
#40 C:\wamp\www\time-tracker-2\vendor\compiled.php(10785): Illuminate\Pipeline\Pipeline->Illuminate\Pipeline\{closure}()
#41 C:\wamp\www\time-tracker-2\vendor\compiled.php(8944): Illuminate\Session\Middleware\StartSession->handle()
#42 C:\wamp\www\time-tracker-2\vendor\compiled.php(11789): Illuminate\Pipeline\Pipeline->Illuminate\Pipeline\{closure}()
#43 C:\wamp\www\time-tracker-2\vendor\compiled.php(8944): Illuminate\Cookie\Middleware\AddQueuedCookiesToResponse->handle()
#44 C:\wamp\www\time-tracker-2\vendor\compiled.php(11738): Illuminate\Pipeline\Pipeline->Illuminate\Pipeline\{closure}()
#45 C:\wamp\www\time-tracker-2\vendor\compiled.php(8944): Illuminate\Cookie\Middleware\EncryptCookies->handle()
#46 C:\wamp\www\time-tracker-2\vendor\compiled.php(2478): Illuminate\Pipeline\Pipeline->Illuminate\Pipeline\{closure}()
#47 C:\wamp\www\time-tracker-2\vendor\compiled.php(8944): Illuminate\Foundation\Http\Middleware\CheckForMaintenanceMode->handle()
#48 C:\wamp\www\time-tracker-2\vendor\compiled.php(8935): Illuminate\Pipeline\Pipeline->Illuminate\Pipeline\{closure}()
#49 C:\wamp\www\time-tracker-2\vendor\compiled.php(8935): call_user_func:{C:\wamp\www\time-tracker-2\vendor\compiled.php:8935}()
#50 C:\wamp\www\time-tracker-2\vendor\compiled.php(1891): Illuminate\Pipeline\Pipeline->then()
#51 C:\wamp\www\time-tracker-2\vendor\compiled.php(1880): Illuminate\Foundation\Http\Kernel->sendRequestThroughRouter()
#52 C:\wamp\www\time-tracker-2\public\index.php(53): Illuminate\Foundation\Http\Kernel->handle()
#53 C:\wamp\www\time-tracker-2\public\index.php(0): {main}()
#54 {main}  
[2016-03-29 11:43:19] local.ERROR: exception 'Symfony\Component\Debug\Exception\FatalErrorException' with message 'Class 'AppUser' not found' in C:\wamp\www\time-tracker-2\vendor\compiled.php:9509
Stack trace:
#0 C:\wamp\www\time-tracker-2\vendor\compiled.php(1743): Symfony\Component\Debug\Exception\FatalErrorException->__construct()
#1 C:\wamp\www\time-tracker-2\vendor\compiled.php(1738): Illuminate\Foundation\Bootstrap\HandleExceptions->fatalExceptionFromError()
#2 C:\wamp\www\time-tracker-2\vendor\compiled.php(0): Illuminate\Foundation\Bootstrap\HandleExceptions->handleShutdown()
#3 C:\wamp\www\time-tracker-2\app\TimeEntry.php(17): Illuminate\Database\Eloquent\Model->belongsTo()
#4 C:\wamp\www\time-tracker-2\vendor\laravel\framework\src\Illuminate\Database\Eloquent\Builder.php(451): App\TimeEntry->user()
#5 C:\wamp\www\time-tracker-2\vendor\laravel\framework\src\Illuminate\Database\Eloquent\Relations\Relation.php(160): Illuminate\Database\Eloquent\Builder->Illuminate\Database\Eloquent\{closure}()
#6 C:\wamp\www\time-tracker-2\vendor\laravel\framework\src\Illuminate\Database\Eloquent\Relations\Relation.php(160): call_user_func:{C:\wamp\www\time-tracker-2\vendor\laravel\framework\src\Illuminate\Database\Eloquent\Relations\Relation.php:160}()
#7 C:\wamp\www\time-tracker-2\vendor\laravel\framework\src\Illuminate\Database\Eloquent\Builder.php(452): Illuminate\Database\Eloquent\Relations\Relation::noConstraints()
#8 C:\wamp\www\time-tracker-2\vendor\laravel\framework\src\Illuminate\Database\Eloquent\Builder.php(422): Illuminate\Database\Eloquent\Builder->getRelation()
#9 C:\wamp\www\time-tracker-2\vendor\laravel\framework\src\Illuminate\Database\Eloquent\Builder.php(402): Illuminate\Database\Eloquent\Builder->loadRelation()
#10 C:\wamp\www\time-tracker-2\vendor\laravel\framework\src\Illuminate\Database\Eloquent\Builder.php(169): Illuminate\Database\Eloquent\Builder->eagerLoadRelations()
#11 C:\wamp\www\time-tracker-2\app\Http\Controllers\TimeEntriesController.php(22): Illuminate\Database\Eloquent\Builder->get()
#12 C:\wamp\www\time-tracker-2\vendor\compiled.php(8287): App\Http\Controllers\TimeEntriesController->index()
#13 C:\wamp\www\time-tracker-2\vendor\compiled.php(8287): call_user_func_array:{C:\wamp\www\time-tracker-2\vendor\compiled.php:8287}()
#14 C:\wamp\www\time-tracker-2\vendor\compiled.php(8354): Illuminate\Routing\Controller->callAction()
#15 C:\wamp\www\time-tracker-2\vendor\compiled.php(8333): Illuminate\Routing\ControllerDispatcher->call()
#16 C:\wamp\www\time-tracker-2\vendor\compiled.php(8952): Illuminate\Routing\ControllerDispatcher->Illuminate\Routing\{closure}()
#17 C:\wamp\www\time-tracker-2\vendor\compiled.php(8952): call_user_func:{C:\wamp\www\time-tracker-2\vendor\compiled.php:8952}()
#18 C:\wamp\www\time-tracker-2\vendor\compiled.php(8935): Illuminate\Pipeline\Pipeline->Illuminate\Pipeline\{closure}()
#19 C:\wamp\www\time-tracker-2\vendor\compiled.php(8935): call_user_func:{C:\wamp\www\time-tracker-2\vendor\compiled.php:8935}()
#20 C:\wamp\www\time-tracker-2\vendor\compiled.php(8334): Illuminate\Pipeline\Pipeline->then()
#21 C:\wamp\www\time-tracker-2\vendor\compiled.php(8320): Illuminate\Routing\ControllerDispatcher->callWithinStack()
#22 C:\wamp\www\time-tracker-2\vendor\compiled.php(7317): Illuminate\Routing\ControllerDispatcher->dispatch()
#23 C:\wamp\www\time-tracker-2\vendor\compiled.php(7288): Illuminate\Routing\Route->runWithCustomDispatcher()
#24 C:\wamp\www\time-tracker-2\vendor\compiled.php(6954): Illuminate\Routing\Route->run()
#25 C:\wamp\www\time-tracker-2\vendor\compiled.php(8952): Illuminate\Routing\Router->Illuminate\Routing\{closure}()
#26 C:\wamp\www\time-tracker-2\vendor\compiled.php(8952): call_user_func:{C:\wamp\www\time-tracker-2\vendor\compiled.php:8952}()
#27 C:\wamp\www\time-tracker-2\vendor\compiled.php(8935): Illuminate\Pipeline\Pipeline->Illuminate\Pipeline\{closure}()
#28 C:\wamp\www\time-tracker-2\vendor\compiled.php(8935): call_user_func:{C:\wamp\www\time-tracker-2\vendor\compiled.php:8935}()
#29 C:\wamp\www\time-tracker-2\vendor\compiled.php(6955): Illuminate\Pipeline\Pipeline->then()
#30 C:\wamp\www\time-tracker-2\vendor\compiled.php(6944): Illuminate\Routing\Router->runRouteWithinStack()
#31 C:\wamp\www\time-tracker-2\vendor\compiled.php(6929): Illuminate\Routing\Router->dispatchToRoute()
#32 C:\wamp\www\time-tracker-2\vendor\compiled.php(1935): Illuminate\Routing\Router->dispatch()
#33 C:\wamp\www\time-tracker-2\vendor\compiled.php(8952): Illuminate\Foundation\Http\Kernel->Illuminate\Foundation\Http\{closure}()
#34 C:\wamp\www\time-tracker-2\vendor\compiled.php(8952): call_user_func:{C:\wamp\www\time-tracker-2\vendor\compiled.php:8952}()
#35 C:\wamp\www\time-tracker-2\vendor\compiled.php(2438): Illuminate\Pipeline\Pipeline->Illuminate\Pipeline\{closure}()
#36 C:\wamp\www\time-tracker-2\app\Http\Middleware\VerifyCsrfToken.php(17): Illuminate\Foundation\Http\Middleware\VerifyCsrfToken->handle()
#37 C:\wamp\www\time-tracker-2\vendor\compiled.php(8944): App\Http\Middleware\VerifyCsrfToken->handle()
#38 C:\wamp\www\time-tracker-2\vendor\compiled.php(12083): Illuminate\Pipeline\Pipeline->Illuminate\Pipeline\{closure}()
#39 C:\wamp\www\time-tracker-2\vendor\compiled.php(8944): Illuminate\View\Middleware\ShareErrorsFromSession->handle()
#40 C:\wamp\www\time-tracker-2\vendor\compiled.php(10785): Illuminate\Pipeline\Pipeline->Illuminate\Pipeline\{closure}()
#41 C:\wamp\www\time-tracker-2\vendor\compiled.php(8944): Illuminate\Session\Middleware\StartSession->handle()
#42 C:\wamp\www\time-tracker-2\vendor\compiled.php(11789): Illuminate\Pipeline\Pipeline->Illuminate\Pipeline\{closure}()
#43 C:\wamp\www\time-tracker-2\vendor\compiled.php(8944): Illuminate\Cookie\Middleware\AddQueuedCookiesToResponse->handle()
#44 C:\wamp\www\time-tracker-2\vendor\compiled.php(11738): Illuminate\Pipeline\Pipeline->Illuminate\Pipeline\{closure}()
#45 C:\wamp\www\time-tracker-2\vendor\compiled.php(8944): Illuminate\Cookie\Middleware\EncryptCookies->handle()
#46 C:\wamp\www\time-tracker-2\vendor\compiled.php(2478): Illuminate\Pipeline\Pipeline->Illuminate\Pipeline\{closure}()
#47 C:\wamp\www\time-tracker-2\vendor\compiled.php(8944): Illuminate\Foundation\Http\Middleware\CheckForMaintenanceMode->handle()
#48 C:\wamp\www\time-tracker-2\vendor\compiled.php(8935): Illuminate\Pipeline\Pipeline->Illuminate\Pipeline\{closure}()
#49 C:\wamp\www\time-tracker-2\vendor\compiled.php(8935): call_user_func:{C:\wamp\www\time-tracker-2\vendor\compiled.php:8935}()
#50 C:\wamp\www\time-tracker-2\vendor\compiled.php(1891): Illuminate\Pipeline\Pipeline->then()
#51 C:\wamp\www\time-tracker-2\vendor\compiled.php(1880): Illuminate\Foundation\Http\Kernel->sendRequestThroughRouter()
#52 C:\wamp\www\time-tracker-2\public\index.php(53): Illuminate\Foundation\Http\Kernel->handle()
#53 C:\wamp\www\time-tracker-2\public\index.php(0): {main}()
#54 {main}  
[2016-03-29 11:43:22] local.ERROR: exception 'Symfony\Component\Debug\Exception\FatalErrorException' with message 'Class 'AppUser' not found' in C:\wamp\www\time-tracker-2\vendor\compiled.php:9509
Stack trace:
#0 C:\wamp\www\time-tracker-2\vendor\compiled.php(1743): Symfony\Component\Debug\Exception\FatalErrorException->__construct()
#1 C:\wamp\www\time-tracker-2\vendor\compiled.php(1738): Illuminate\Foundation\Bootstrap\HandleExceptions->fatalExceptionFromError()
#2 C:\wamp\www\time-tracker-2\vendor\compiled.php(0): Illuminate\Foundation\Bootstrap\HandleExceptions->handleShutdown()
#3 C:\wamp\www\time-tracker-2\app\TimeEntry.php(17): Illuminate\Database\Eloquent\Model->belongsTo()
#4 C:\wamp\www\time-tracker-2\vendor\laravel\framework\src\Illuminate\Database\Eloquent\Builder.php(451): App\TimeEntry->user()
#5 C:\wamp\www\time-tracker-2\vendor\laravel\framework\src\Illuminate\Database\Eloquent\Relations\Relation.php(160): Illuminate\Database\Eloquent\Builder->Illuminate\Database\Eloquent\{closure}()
#6 C:\wamp\www\time-tracker-2\vendor\laravel\framework\src\Illuminate\Database\Eloquent\Relations\Relation.php(160): call_user_func:{C:\wamp\www\time-tracker-2\vendor\laravel\framework\src\Illuminate\Database\Eloquent\Relations\Relation.php:160}()
#7 C:\wamp\www\time-tracker-2\vendor\laravel\framework\src\Illuminate\Database\Eloquent\Builder.php(452): Illuminate\Database\Eloquent\Relations\Relation::noConstraints()
#8 C:\wamp\www\time-tracker-2\vendor\laravel\framework\src\Illuminate\Database\Eloquent\Builder.php(422): Illuminate\Database\Eloquent\Builder->getRelation()
#9 C:\wamp\www\time-tracker-2\vendor\laravel\framework\src\Illuminate\Database\Eloquent\Builder.php(402): Illuminate\Database\Eloquent\Builder->loadRelation()
#10 C:\wamp\www\time-tracker-2\vendor\laravel\framework\src\Illuminate\Database\Eloquent\Builder.php(169): Illuminate\Database\Eloquent\Builder->eagerLoadRelations()
#11 C:\wamp\www\time-tracker-2\app\Http\Controllers\TimeEntriesController.php(22): Illuminate\Database\Eloquent\Builder->get()
#12 C:\wamp\www\time-tracker-2\vendor\compiled.php(8287): App\Http\Controllers\TimeEntriesController->index()
#13 C:\wamp\www\time-tracker-2\vendor\compiled.php(8287): call_user_func_array:{C:\wamp\www\time-tracker-2\vendor\compiled.php:8287}()
#14 C:\wamp\www\time-tracker-2\vendor\compiled.php(8354): Illuminate\Routing\Controller->callAction()
#15 C:\wamp\www\time-tracker-2\vendor\compiled.php(8333): Illuminate\Routing\ControllerDispatcher->call()
#16 C:\wamp\www\time-tracker-2\vendor\compiled.php(8952): Illuminate\Routing\ControllerDispatcher->Illuminate\Routing\{closure}()
#17 C:\wamp\www\time-tracker-2\vendor\compiled.php(8952): call_user_func:{C:\wamp\www\time-tracker-2\vendor\compiled.php:8952}()
#18 C:\wamp\www\time-tracker-2\vendor\compiled.php(8935): Illuminate\Pipeline\Pipeline->Illuminate\Pipeline\{closure}()
#19 C:\wamp\www\time-tracker-2\vendor\compiled.php(8935): call_user_func:{C:\wamp\www\time-tracker-2\vendor\compiled.php:8935}()
#20 C:\wamp\www\time-tracker-2\vendor\compiled.php(8334): Illuminate\Pipeline\Pipeline->then()
#21 C:\wamp\www\time-tracker-2\vendor\compiled.php(8320): Illuminate\Routing\ControllerDispatcher->callWithinStack()
#22 C:\wamp\www\time-tracker-2\vendor\compiled.php(7317): Illuminate\Routing\ControllerDispatcher->dispatch()
#23 C:\wamp\www\time-tracker-2\vendor\compiled.php(7288): Illuminate\Routing\Route->runWithCustomDispatcher()
#24 C:\wamp\www\time-tracker-2\vendor\compiled.php(6954): Illuminate\Routing\Route->run()
#25 C:\wamp\www\time-tracker-2\vendor\compiled.php(8952): Illuminate\Routing\Router->Illuminate\Routing\{closure}()
#26 C:\wamp\www\time-tracker-2\vendor\compiled.php(8952): call_user_func:{C:\wamp\www\time-tracker-2\vendor\compiled.php:8952}()
#27 C:\wamp\www\time-tracker-2\vendor\compiled.php(8935): Illuminate\Pipeline\Pipeline->Illuminate\Pipeline\{closure}()
#28 C:\wamp\www\time-tracker-2\vendor\compiled.php(8935): call_user_func:{C:\wamp\www\time-tracker-2\vendor\compiled.php:8935}()
#29 C:\wamp\www\time-tracker-2\vendor\compiled.php(6955): Illuminate\Pipeline\Pipeline->then()
#30 C:\wamp\www\time-tracker-2\vendor\compiled.php(6944): Illuminate\Routing\Router->runRouteWithinStack()
#31 C:\wamp\www\time-tracker-2\vendor\compiled.php(6929): Illuminate\Routing\Router->dispatchToRoute()
#32 C:\wamp\www\time-tracker-2\vendor\compiled.php(1935): Illuminate\Routing\Router->dispatch()
#33 C:\wamp\www\time-tracker-2\vendor\compiled.php(8952): Illuminate\Foundation\Http\Kernel->Illuminate\Foundation\Http\{closure}()
#34 C:\wamp\www\time-tracker-2\vendor\compiled.php(8952): call_user_func:{C:\wamp\www\time-tracker-2\vendor\compiled.php:8952}()
#35 C:\wamp\www\time-tracker-2\vendor\compiled.php(2438): Illuminate\Pipeline\Pipeline->Illuminate\Pipeline\{closure}()
#36 C:\wamp\www\time-tracker-2\app\Http\Middleware\VerifyCsrfToken.php(17): Illuminate\Foundation\Http\Middleware\VerifyCsrfToken->handle()
#37 C:\wamp\www\time-tracker-2\vendor\compiled.php(8944): App\Http\Middleware\VerifyCsrfToken->handle()
#38 C:\wamp\www\time-tracker-2\vendor\compiled.php(12083): Illuminate\Pipeline\Pipeline->Illuminate\Pipeline\{closure}()
#39 C:\wamp\www\time-tracker-2\vendor\compiled.php(8944): Illuminate\View\Middleware\ShareErrorsFromSession->handle()
#40 C:\wamp\www\time-tracker-2\vendor\compiled.php(10785): Illuminate\Pipeline\Pipeline->Illuminate\Pipeline\{closure}()
#41 C:\wamp\www\time-tracker-2\vendor\compiled.php(8944): Illuminate\Session\Middleware\StartSession->handle()
#42 C:\wamp\www\time-tracker-2\vendor\compiled.php(11789): Illuminate\Pipeline\Pipeline->Illuminate\Pipeline\{closure}()
#43 C:\wamp\www\time-tracker-2\vendor\compiled.php(8944): Illuminate\Cookie\Middleware\AddQueuedCookiesToResponse->handle()
#44 C:\wamp\www\time-tracker-2\vendor\compiled.php(11738): Illuminate\Pipeline\Pipeline->Illuminate\Pipeline\{closure}()
#45 C:\wamp\www\time-tracker-2\vendor\compiled.php(8944): Illuminate\Cookie\Middleware\EncryptCookies->handle()
#46 C:\wamp\www\time-tracker-2\vendor\compiled.php(2478): Illuminate\Pipeline\Pipeline->Illuminate\Pipeline\{closure}()
#47 C:\wamp\www\time-tracker-2\vendor\compiled.php(8944): Illuminate\Foundation\Http\Middleware\CheckForMaintenanceMode->handle()
#48 C:\wamp\www\time-tracker-2\vendor\compiled.php(8935): Illuminate\Pipeline\Pipeline->Illuminate\Pipeline\{closure}()
#49 C:\wamp\www\time-tracker-2\vendor\compiled.php(8935): call_user_func:{C:\wamp\www\time-tracker-2\vendor\compiled.php:8935}()
#50 C:\wamp\www\time-tracker-2\vendor\compiled.php(1891): Illuminate\Pipeline\Pipeline->then()
#51 C:\wamp\www\time-tracker-2\vendor\compiled.php(1880): Illuminate\Foundation\Http\Kernel->sendRequestThroughRouter()
#52 C:\wamp\www\time-tracker-2\public\index.php(53): Illuminate\Foundation\Http\Kernel->handle()
#53 C:\wamp\www\time-tracker-2\public\index.php(0): {main}()
#54 {main}  
[2016-03-29 13:19:01] local.ERROR: exception 'Symfony\Component\Debug\Exception\FatalErrorException' with message 'Class 'AppUser' not found' in C:\wamp\www\time-tracker-2\vendor\compiled.php:9509
Stack trace:
#0 C:\wamp\www\time-tracker-2\vendor\compiled.php(1743): Symfony\Component\Debug\Exception\FatalErrorException->__construct()
#1 C:\wamp\www\time-tracker-2\vendor\compiled.php(1738): Illuminate\Foundation\Bootstrap\HandleExceptions->fatalExceptionFromError()
#2 C:\wamp\www\time-tracker-2\vendor\compiled.php(0): Illuminate\Foundation\Bootstrap\HandleExceptions->handleShutdown()
#3 C:\wamp\www\time-tracker-2\app\TimeEntry.php(17): Illuminate\Database\Eloquent\Model->belongsTo()
#4 C:\wamp\www\time-tracker-2\vendor\laravel\framework\src\Illuminate\Database\Eloquent\Builder.php(451): App\TimeEntry->user()
#5 C:\wamp\www\time-tracker-2\vendor\laravel\framework\src\Illuminate\Database\Eloquent\Relations\Relation.php(160): Illuminate\Database\Eloquent\Builder->Illuminate\Database\Eloquent\{closure}()
#6 C:\wamp\www\time-tracker-2\vendor\laravel\framework\src\Illuminate\Database\Eloquent\Relations\Relation.php(160): call_user_func:{C:\wamp\www\time-tracker-2\vendor\laravel\framework\src\Illuminate\Database\Eloquent\Relations\Relation.php:160}()
#7 C:\wamp\www\time-tracker-2\vendor\laravel\framework\src\Illuminate\Database\Eloquent\Builder.php(452): Illuminate\Database\Eloquent\Relations\Relation::noConstraints()
#8 C:\wamp\www\time-tracker-2\vendor\laravel\framework\src\Illuminate\Database\Eloquent\Builder.php(422): Illuminate\Database\Eloquent\Builder->getRelation()
#9 C:\wamp\www\time-tracker-2\vendor\laravel\framework\src\Illuminate\Database\Eloquent\Builder.php(402): Illuminate\Database\Eloquent\Builder->loadRelation()
#10 C:\wamp\www\time-tracker-2\vendor\laravel\framework\src\Illuminate\Database\Eloquent\Builder.php(169): Illuminate\Database\Eloquent\Builder->eagerLoadRelations()
#11 C:\wamp\www\time-tracker-2\app\Http\Controllers\TimeEntriesController.php(22): Illuminate\Database\Eloquent\Builder->get()
#12 C:\wamp\www\time-tracker-2\vendor\compiled.php(8287): App\Http\Controllers\TimeEntriesController->index()
#13 C:\wamp\www\time-tracker-2\vendor\compiled.php(8287): call_user_func_array:{C:\wamp\www\time-tracker-2\vendor\compiled.php:8287}()
#14 C:\wamp\www\time-tracker-2\vendor\compiled.php(8354): Illuminate\Routing\Controller->callAction()
#15 C:\wamp\www\time-tracker-2\vendor\compiled.php(8333): Illuminate\Routing\ControllerDispatcher->call()
#16 C:\wamp\www\time-tracker-2\vendor\compiled.php(8952): Illuminate\Routing\ControllerDispatcher->Illuminate\Routing\{closure}()
#17 C:\wamp\www\time-tracker-2\vendor\compiled.php(8952): call_user_func:{C:\wamp\www\time-tracker-2\vendor\compiled.php:8952}()
#18 C:\wamp\www\time-tracker-2\vendor\compiled.php(8935): Illuminate\Pipeline\Pipeline->Illuminate\Pipeline\{closure}()
#19 C:\wamp\www\time-tracker-2\vendor\compiled.php(8935): call_user_func:{C:\wamp\www\time-tracker-2\vendor\compiled.php:8935}()
#20 C:\wamp\www\time-tracker-2\vendor\compiled.php(8334): Illuminate\Pipeline\Pipeline->then()
#21 C:\wamp\www\time-tracker-2\vendor\compiled.php(8320): Illuminate\Routing\ControllerDispatcher->callWithinStack()
#22 C:\wamp\www\time-tracker-2\vendor\compiled.php(7317): Illuminate\Routing\ControllerDispatcher->dispatch()
#23 C:\wamp\www\time-tracker-2\vendor\compiled.php(7288): Illuminate\Routing\Route->runWithCustomDispatcher()
#24 C:\wamp\www\time-tracker-2\vendor\compiled.php(6954): Illuminate\Routing\Route->run()
#25 C:\wamp\www\time-tracker-2\vendor\compiled.php(8952): Illuminate\Routing\Router->Illuminate\Routing\{closure}()
#26 C:\wamp\www\time-tracker-2\vendor\compiled.php(8952): call_user_func:{C:\wamp\www\time-tracker-2\vendor\compiled.php:8952}()
#27 C:\wamp\www\time-tracker-2\vendor\compiled.php(8935): Illuminate\Pipeline\Pipeline->Illuminate\Pipeline\{closure}()
#28 C:\wamp\www\time-tracker-2\vendor\compiled.php(8935): call_user_func:{C:\wamp\www\time-tracker-2\vendor\compiled.php:8935}()
#29 C:\wamp\www\time-tracker-2\vendor\compiled.php(6955): Illuminate\Pipeline\Pipeline->then()
#30 C:\wamp\www\time-tracker-2\vendor\compiled.php(6944): Illuminate\Routing\Router->runRouteWithinStack()
#31 C:\wamp\www\time-tracker-2\vendor\compiled.php(6929): Illuminate\Routing\Router->dispatchToRoute()
#32 C:\wamp\www\time-tracker-2\vendor\compiled.php(1935): Illuminate\Routing\Router->dispatch()
#33 C:\wamp\www\time-tracker-2\vendor\compiled.php(8952): Illuminate\Foundation\Http\Kernel->Illuminate\Foundation\Http\{closure}()
#34 C:\wamp\www\time-tracker-2\vendor\compiled.php(8952): call_user_func:{C:\wamp\www\time-tracker-2\vendor\compiled.php:8952}()
#35 C:\wamp\www\time-tracker-2\vendor\compiled.php(2438): Illuminate\Pipeline\Pipeline->Illuminate\Pipeline\{closure}()
#36 C:\wamp\www\time-tracker-2\app\Http\Middleware\VerifyCsrfToken.php(17): Illuminate\Foundation\Http\Middleware\VerifyCsrfToken->handle()
#37 C:\wamp\www\time-tracker-2\vendor\compiled.php(8944): App\Http\Middleware\VerifyCsrfToken->handle()
#38 C:\wamp\www\time-tracker-2\vendor\compiled.php(12083): Illuminate\Pipeline\Pipeline->Illuminate\Pipeline\{closure}()
#39 C:\wamp\www\time-tracker-2\vendor\compiled.php(8944): Illuminate\View\Middleware\ShareErrorsFromSession->handle()
#40 C:\wamp\www\time-tracker-2\vendor\compiled.php(10785): Illuminate\Pipeline\Pipeline->Illuminate\Pipeline\{closure}()
#41 C:\wamp\www\time-tracker-2\vendor\compiled.php(8944): Illuminate\Session\Middleware\StartSession->handle()
#42 C:\wamp\www\time-tracker-2\vendor\compiled.php(11789): Illuminate\Pipeline\Pipeline->Illuminate\Pipeline\{closure}()
#43 C:\wamp\www\time-tracker-2\vendor\compiled.php(8944): Illuminate\Cookie\Middleware\AddQueuedCookiesToResponse->handle()
#44 C:\wamp\www\time-tracker-2\vendor\compiled.php(11738): Illuminate\Pipeline\Pipeline->Illuminate\Pipeline\{closure}()
#45 C:\wamp\www\time-tracker-2\vendor\compiled.php(8944): Illuminate\Cookie\Middleware\EncryptCookies->handle()
#46 C:\wamp\www\time-tracker-2\vendor\compiled.php(2478): Illuminate\Pipeline\Pipeline->Illuminate\Pipeline\{closure}()
#47 C:\wamp\www\time-tracker-2\vendor\compiled.php(8944): Illuminate\Foundation\Http\Middleware\CheckForMaintenanceMode->handle()
#48 C:\wamp\www\time-tracker-2\vendor\compiled.php(8935): Illuminate\Pipeline\Pipeline->Illuminate\Pipeline\{closure}()
#49 C:\wamp\www\time-tracker-2\vendor\compiled.php(8935): call_user_func:{C:\wamp\www\time-tracker-2\vendor\compiled.php:8935}()
#50 C:\wamp\www\time-tracker-2\vendor\compiled.php(1891): Illuminate\Pipeline\Pipeline->then()
#51 C:\wamp\www\time-tracker-2\vendor\compiled.php(1880): Illuminate\Foundation\Http\Kernel->sendRequestThroughRouter()
#52 C:\wamp\www\time-tracker-2\public\index.php(53): Illuminate\Foundation\Http\Kernel->handle()
#53 C:\wamp\www\time-tracker-2\public\index.php(0): {main}()
#54 {main}  
[2016-03-29 13:20:37] local.ERROR: exception 'Symfony\Component\Debug\Exception\FatalErrorException' with message 'Class 'AppUser' not found' in C:\wamp\www\time-tracker-2\vendor\compiled.php:9509
Stack trace:
#0 C:\wamp\www\time-tracker-2\vendor\compiled.php(1743): Symfony\Component\Debug\Exception\FatalErrorException->__construct()
#1 C:\wamp\www\time-tracker-2\vendor\compiled.php(1738): Illuminate\Foundation\Bootstrap\HandleExceptions->fatalExceptionFromError()
#2 C:\wamp\www\time-tracker-2\vendor\compiled.php(0): Illuminate\Foundation\Bootstrap\HandleExceptions->handleShutdown()
#3 C:\wamp\www\time-tracker-2\app\TimeEntry.php(17): Illuminate\Database\Eloquent\Model->belongsTo()
#4 C:\wamp\www\time-tracker-2\vendor\laravel\framework\src\Illuminate\Database\Eloquent\Builder.php(451): App\TimeEntry->user()
#5 C:\wamp\www\time-tracker-2\vendor\laravel\framework\src\Illuminate\Database\Eloquent\Relations\Relation.php(160): Illuminate\Database\Eloquent\Builder->Illuminate\Database\Eloquent\{closure}()
#6 C:\wamp\www\time-tracker-2\vendor\laravel\framework\src\Illuminate\Database\Eloquent\Relations\Relation.php(160): call_user_func:{C:\wamp\www\time-tracker-2\vendor\laravel\framework\src\Illuminate\Database\Eloquent\Relations\Relation.php:160}()
#7 C:\wamp\www\time-tracker-2\vendor\laravel\framework\src\Illuminate\Database\Eloquent\Builder.php(452): Illuminate\Database\Eloquent\Relations\Relation::noConstraints()
#8 C:\wamp\www\time-tracker-2\vendor\laravel\framework\src\Illuminate\Database\Eloquent\Builder.php(422): Illuminate\Database\Eloquent\Builder->getRelation()
#9 C:\wamp\www\time-tracker-2\vendor\laravel\framework\src\Illuminate\Database\Eloquent\Builder.php(402): Illuminate\Database\Eloquent\Builder->loadRelation()
#10 C:\wamp\www\time-tracker-2\vendor\laravel\framework\src\Illuminate\Database\Eloquent\Builder.php(169): Illuminate\Database\Eloquent\Builder->eagerLoadRelations()
#11 C:\wamp\www\time-tracker-2\app\Http\Controllers\TimeEntriesController.php(22): Illuminate\Database\Eloquent\Builder->get()
#12 C:\wamp\www\time-tracker-2\vendor\compiled.php(8287): App\Http\Controllers\TimeEntriesController->index()
#13 C:\wamp\www\time-tracker-2\vendor\compiled.php(8287): call_user_func_array:{C:\wamp\www\time-tracker-2\vendor\compiled.php:8287}()
#14 C:\wamp\www\time-tracker-2\vendor\compiled.php(8354): Illuminate\Routing\Controller->callAction()
#15 C:\wamp\www\time-tracker-2\vendor\compiled.php(8333): Illuminate\Routing\ControllerDispatcher->call()
#16 C:\wamp\www\time-tracker-2\vendor\compiled.php(8952): Illuminate\Routing\ControllerDispatcher->Illuminate\Routing\{closure}()
#17 C:\wamp\www\time-tracker-2\vendor\compiled.php(8952): call_user_func:{C:\wamp\www\time-tracker-2\vendor\compiled.php:8952}()
#18 C:\wamp\www\time-tracker-2\vendor\compiled.php(8935): Illuminate\Pipeline\Pipeline->Illuminate\Pipeline\{closure}()
#19 C:\wamp\www\time-tracker-2\vendor\compiled.php(8935): call_user_func:{C:\wamp\www\time-tracker-2\vendor\compiled.php:8935}()
#20 C:\wamp\www\time-tracker-2\vendor\compiled.php(8334): Illuminate\Pipeline\Pipeline->then()
#21 C:\wamp\www\time-tracker-2\vendor\compiled.php(8320): Illuminate\Routing\ControllerDispatcher->callWithinStack()
#22 C:\wamp\www\time-tracker-2\vendor\compiled.php(7317): Illuminate\Routing\ControllerDispatcher->dispatch()
#23 C:\wamp\www\time-tracker-2\vendor\compiled.php(7288): Illuminate\Routing\Route->runWithCustomDispatcher()
#24 C:\wamp\www\time-tracker-2\vendor\compiled.php(6954): Illuminate\Routing\Route->run()
#25 C:\wamp\www\time-tracker-2\vendor\compiled.php(8952): Illuminate\Routing\Router->Illuminate\Routing\{closure}()
#26 C:\wamp\www\time-tracker-2\vendor\compiled.php(8952): call_user_func:{C:\wamp\www\time-tracker-2\vendor\compiled.php:8952}()
#27 C:\wamp\www\time-tracker-2\vendor\compiled.php(8935): Illuminate\Pipeline\Pipeline->Illuminate\Pipeline\{closure}()
#28 C:\wamp\www\time-tracker-2\vendor\compiled.php(8935): call_user_func:{C:\wamp\www\time-tracker-2\vendor\compiled.php:8935}()
#29 C:\wamp\www\time-tracker-2\vendor\compiled.php(6955): Illuminate\Pipeline\Pipeline->then()
#30 C:\wamp\www\time-tracker-2\vendor\compiled.php(6944): Illuminate\Routing\Router->runRouteWithinStack()
#31 C:\wamp\www\time-tracker-2\vendor\compiled.php(6929): Illuminate\Routing\Router->dispatchToRoute()
#32 C:\wamp\www\time-tracker-2\vendor\compiled.php(1935): Illuminate\Routing\Router->dispatch()
#33 C:\wamp\www\time-tracker-2\vendor\compiled.php(8952): Illuminate\Foundation\Http\Kernel->Illuminate\Foundation\Http\{closure}()
#34 C:\wamp\www\time-tracker-2\vendor\compiled.php(8952): call_user_func:{C:\wamp\www\time-tracker-2\vendor\compiled.php:8952}()
#35 C:\wamp\www\time-tracker-2\vendor\compiled.php(2438): Illuminate\Pipeline\Pipeline->Illuminate\Pipeline\{closure}()
#36 C:\wamp\www\time-tracker-2\app\Http\Middleware\VerifyCsrfToken.php(17): Illuminate\Foundation\Http\Middleware\VerifyCsrfToken->handle()
#37 C:\wamp\www\time-tracker-2\vendor\compiled.php(8944): App\Http\Middleware\VerifyCsrfToken->handle()
#38 C:\wamp\www\time-tracker-2\vendor\compiled.php(12083): Illuminate\Pipeline\Pipeline->Illuminate\Pipeline\{closure}()
#39 C:\wamp\www\time-tracker-2\vendor\compiled.php(8944): Illuminate\View\Middleware\ShareErrorsFromSession->handle()
#40 C:\wamp\www\time-tracker-2\vendor\compiled.php(10785): Illuminate\Pipeline\Pipeline->Illuminate\Pipeline\{closure}()
#41 C:\wamp\www\time-tracker-2\vendor\compiled.php(8944): Illuminate\Session\Middleware\StartSession->handle()
#42 C:\wamp\www\time-tracker-2\vendor\compiled.php(11789): Illuminate\Pipeline\Pipeline->Illuminate\Pipeline\{closure}()
#43 C:\wamp\www\time-tracker-2\vendor\compiled.php(8944): Illuminate\Cookie\Middleware\AddQueuedCookiesToResponse->handle()
#44 C:\wamp\www\time-tracker-2\vendor\compiled.php(11738): Illuminate\Pipeline\Pipeline->Illuminate\Pipeline\{closure}()
#45 C:\wamp\www\time-tracker-2\vendor\compiled.php(8944): Illuminate\Cookie\Middleware\EncryptCookies->handle()
#46 C:\wamp\www\time-tracker-2\vendor\compiled.php(2478): Illuminate\Pipeline\Pipeline->Illuminate\Pipeline\{closure}()
#47 C:\wamp\www\time-tracker-2\vendor\compiled.php(8944): Illuminate\Foundation\Http\Middleware\CheckForMaintenanceMode->handle()
#48 C:\wamp\www\time-tracker-2\vendor\compiled.php(8935): Illuminate\Pipeline\Pipeline->Illuminate\Pipeline\{closure}()
#49 C:\wamp\www\time-tracker-2\vendor\compiled.php(8935): call_user_func:{C:\wamp\www\time-tracker-2\vendor\compiled.php:8935}()
#50 C:\wamp\www\time-tracker-2\vendor\compiled.php(1891): Illuminate\Pipeline\Pipeline->then()
#51 C:\wamp\www\time-tracker-2\vendor\compiled.php(1880): Illuminate\Foundation\Http\Kernel->sendRequestThroughRouter()
#52 C:\wamp\www\time-tracker-2\public\index.php(53): Illuminate\Foundation\Http\Kernel->handle()
#53 C:\wamp\www\time-tracker-2\public\index.php(0): {main}()
#54 {main}  
[2016-03-29 15:47:42] local.ERROR: exception 'Symfony\Component\Debug\Exception\FatalErrorException' with message 'Class 'App\Http\Controllers\TimeEntries' not found' in C:\wamp\www\time-tracker-2\app\Http\Controllers\TimeEntriesController.php:22
Stack trace:
#0 C:\wamp\www\time-tracker-2\vendor\compiled.php(1743): Symfony\Component\Debug\Exception\FatalErrorException->__construct()
#1 C:\wamp\www\time-tracker-2\vendor\compiled.php(1738): Illuminate\Foundation\Bootstrap\HandleExceptions->fatalExceptionFromError()
#2 C:\wamp\www\time-tracker-2\vendor\compiled.php(0): Illuminate\Foundation\Bootstrap\HandleExceptions->handleShutdown()
#3 C:\wamp\www\time-tracker-2\vendor\compiled.php(8287): App\Http\Controllers\TimeEntriesController->index()
#4 C:\wamp\www\time-tracker-2\vendor\compiled.php(8287): call_user_func_array:{C:\wamp\www\time-tracker-2\vendor\compiled.php:8287}()
#5 C:\wamp\www\time-tracker-2\vendor\compiled.php(8354): Illuminate\Routing\Controller->callAction()
#6 C:\wamp\www\time-tracker-2\vendor\compiled.php(8333): Illuminate\Routing\ControllerDispatcher->call()
#7 C:\wamp\www\time-tracker-2\vendor\compiled.php(8952): Illuminate\Routing\ControllerDispatcher->Illuminate\Routing\{closure}()
#8 C:\wamp\www\time-tracker-2\vendor\compiled.php(8952): call_user_func:{C:\wamp\www\time-tracker-2\vendor\compiled.php:8952}()
#9 C:\wamp\www\time-tracker-2\vendor\compiled.php(8935): Illuminate\Pipeline\Pipeline->Illuminate\Pipeline\{closure}()
#10 C:\wamp\www\time-tracker-2\vendor\compiled.php(8935): call_user_func:{C:\wamp\www\time-tracker-2\vendor\compiled.php:8935}()
#11 C:\wamp\www\time-tracker-2\vendor\compiled.php(8334): Illuminate\Pipeline\Pipeline->then()
#12 C:\wamp\www\time-tracker-2\vendor\compiled.php(8320): Illuminate\Routing\ControllerDispatcher->callWithinStack()
#13 C:\wamp\www\time-tracker-2\vendor\compiled.php(7317): Illuminate\Routing\ControllerDispatcher->dispatch()
#14 C:\wamp\www\time-tracker-2\vendor\compiled.php(7288): Illuminate\Routing\Route->runWithCustomDispatcher()
#15 C:\wamp\www\time-tracker-2\vendor\compiled.php(6954): Illuminate\Routing\Route->run()
#16 C:\wamp\www\time-tracker-2\vendor\compiled.php(8952): Illuminate\Routing\Router->Illuminate\Routing\{closure}()
#17 C:\wamp\www\time-tracker-2\vendor\compiled.php(8952): call_user_func:{C:\wamp\www\time-tracker-2\vendor\compiled.php:8952}()
#18 C:\wamp\www\time-tracker-2\vendor\compiled.php(8935): Illuminate\Pipeline\Pipeline->Illuminate\Pipeline\{closure}()
#19 C:\wamp\www\time-tracker-2\vendor\compiled.php(8935): call_user_func:{C:\wamp\www\time-tracker-2\vendor\compiled.php:8935}()
#20 C:\wamp\www\time-tracker-2\vendor\compiled.php(6955): Illuminate\Pipeline\Pipeline->then()
#21 C:\wamp\www\time-tracker-2\vendor\compiled.php(6944): Illuminate\Routing\Router->runRouteWithinStack()
#22 C:\wamp\www\time-tracker-2\vendor\compiled.php(6929): Illuminate\Routing\Router->dispatchToRoute()
#23 C:\wamp\www\time-tracker-2\vendor\compiled.php(1935): Illuminate\Routing\Router->dispatch()
#24 C:\wamp\www\time-tracker-2\vendor\compiled.php(8952): Illuminate\Foundation\Http\Kernel->Illuminate\Foundation\Http\{closure}()
#25 C:\wamp\www\time-tracker-2\vendor\compiled.php(8952): call_user_func:{C:\wamp\www\time-tracker-2\vendor\compiled.php:8952}()
#26 C:\wamp\www\time-tracker-2\vendor\compiled.php(2438): Illuminate\Pipeline\Pipeline->Illuminate\Pipeline\{closure}()
#27 C:\wamp\www\time-tracker-2\app\Http\Middleware\VerifyCsrfToken.php(17): Illuminate\Foundation\Http\Middleware\VerifyCsrfToken->handle()
#28 C:\wamp\www\time-tracker-2\vendor\compiled.php(8944): App\Http\Middleware\VerifyCsrfToken->handle()
#29 C:\wamp\www\time-tracker-2\vendor\compiled.php(12083): Illuminate\Pipeline\Pipeline->Illuminate\Pipeline\{closure}()
#30 C:\wamp\www\time-tracker-2\vendor\compiled.php(8944): Illuminate\View\Middleware\ShareErrorsFromSession->handle()
#31 C:\wamp\www\time-tracker-2\vendor\compiled.php(10785): Illuminate\Pipeline\Pipeline->Illuminate\Pipeline\{closure}()
#32 C:\wamp\www\time-tracker-2\vendor\compiled.php(8944): Illuminate\Session\Middleware\StartSession->handle()
#33 C:\wamp\www\time-tracker-2\vendor\compiled.php(11789): Illuminate\Pipeline\Pipeline->Illuminate\Pipeline\{closure}()
#34 C:\wamp\www\time-tracker-2\vendor\compiled.php(8944): Illuminate\Cookie\Middleware\AddQueuedCookiesToResponse->handle()
#35 C:\wamp\www\time-tracker-2\vendor\compiled.php(11738): Illuminate\Pipeline\Pipeline->Illuminate\Pipeline\{closure}()
#36 C:\wamp\www\time-tracker-2\vendor\compiled.php(8944): Illuminate\Cookie\Middleware\EncryptCookies->handle()
#37 C:\wamp\www\time-tracker-2\vendor\compiled.php(2478): Illuminate\Pipeline\Pipeline->Illuminate\Pipeline\{closure}()
#38 C:\wamp\www\time-tracker-2\vendor\compiled.php(8944): Illuminate\Foundation\Http\Middleware\CheckForMaintenanceMode->handle()
#39 C:\wamp\www\time-tracker-2\vendor\compiled.php(8935): Illuminate\Pipeline\Pipeline->Illuminate\Pipeline\{closure}()
#40 C:\wamp\www\time-tracker-2\vendor\compiled.php(8935): call_user_func:{C:\wamp\www\time-tracker-2\vendor\compiled.php:8935}()
#41 C:\wamp\www\time-tracker-2\vendor\compiled.php(1891): Illuminate\Pipeline\Pipeline->then()
#42 C:\wamp\www\time-tracker-2\vendor\compiled.php(1880): Illuminate\Foundation\Http\Kernel->sendRequestThroughRouter()
#43 C:\wamp\www\time-tracker-2\public\index.php(53): Illuminate\Foundation\Http\Kernel->handle()
#44 C:\wamp\www\time-tracker-2\public\index.php(0): {main}()
#45 {main}  
